Calibrating sensors...Done.
Speed: 80.00KP: 0.50	 KD: 0.09
2744
3377
2831
2614
686
-488
-1997
0
2770
0
-3500
-2956
3500
3500
880
-3500
-3500
Time Lap: 	1.74s	Track Length: 	 2.32m	Medium Speed: 	 1.61m/s
Sloth FirmwareMaple Mini
v0.75
Calibrating sensors...Done.
Speed: 80.00KP: 0.50	 KD: 0.09
301
-580
-874
0
708
0
-872
-901
702
840
-455
-1850
0
Time Lap: 	1.41s	Track Length: 	 2.33m	Medium Speed: 	 1.99m/s
Sloth FirmwareMaple Mini
v0.75
Calibrating sensors...Done.
Speed: 80.00	 KP: 0.50	 KD: 0.09
-287
-545
-621
-210
0
355
-521
-973
-244
1276
708
-1643
-3500
Time Lap: 	1.42s	Track Length: 	 2.33m	Medium Speed: 	 1.97m/s
Sloth FirmwareMaple Mini
v0.75
Calibrating sensors...Done.
Speed: 80.00	 KP: 0.50	 KD: 0.09
-314
-499
-1122
-208
932
851
-1139
-2119
198
2579
0
-3500
-3500
3500
Time Lap: 	1.46s	Track Length: 	 2.32m	Medium Speed: 	 1.92m/s
Calibrating sensors...Done.
Speed: 80.00	 KP: 0.50	 KD: 0.09
-105
-772
-839
0
656
-102
-943
-889
726
1072
-982
-2201
484
Time Lap: 	1.41s	Track Length: 	 2.33m	Medium Speed: 	 1.98m/s
Done.
Speed: 80.00	 KP: 0.50	 KD: 0.09
-102
-853
-949
0
594
0
-811
-1000
0
1162
0
-2053
-739
Time Lap: 	1.40s	Track Length: 	 2.33m	Medium Speed: 	 2.00m/s
Calibrating sensors...Done.
Speed: 80.00	 KP: 0.50	 KD: 0.09
-281
-281
-282
-282
-276
-116
-100
-201
-113
-136
-252
-645
-259
-294
-179
-246
-340
-480
-698
-766
-806
-880
-917
-905
-920
-754
-830
-832
-668
-785
-466
-292
-234
0
-196
-188
-181
-625
0
-287
555
608
715
585
572
683
543
441
266
-235
0
-133
-136
-180
-180
-248
-302
-594
-860
-1329
-1086
-954
-1043
-1148
-1048
-1071
-720
-1050
-1065
-562
-829
-1018
-833
-400
-267
-105
-134
339
871
1265
798
1088
1115
1104
1386
1322
1394
1276
1050
701
701
566
0
-105
-275
-842
-1009
-1246
-1801
-1628
-1974
-2117
-2308
-2560
-2350
-2257
-2040
-2109
-2354
-964
-928
-611
-130
652
486
1501
1738
2268
Time Lap: 	1.41s	Track Length: 	 2.33m	Medium Speed: 	 1.99m/s
Calibrating sensors...Sloth FirmwareMaple Mini
v0.75
Calibrating sensors...Sloth FirmwareMaple Mini
v0.75
Calibrating sensors...Done.
Speed: 80.00	 KP: 0.50	 KD: 0.09
277
273
276
277
269
142
210
-103
0
0
0
-514
-155
-148
-218
-297
-532
-641
-705
-925
-997
-1001
-1028
-1034
-1052
-1073
-1059
-1062
-1023
-965
-905
-771
-617
-337
0
0
0
-351
174
490
781
910
906
767
787
849
427
649
611
229
-324
0
-154
-251
-462
-861
-987
-1097
-760
-1059
-1599
-1850
-1470
-1709
-1738
-1783
-1394
-805
-628
-1158
-936
-330
202
0
326
828
924
1029
1384
1630
1739
1729
1880
1729
1837
1714
1332
706
979
484
0
-145
-938
-1220
-1843
-2054
-2507
-2623
-2937
-2947
-2706
-2825
-2771
-3312
-2703
-1884
-1911
-1077
-633
0
739
1641
1480
2034
2766
2946
3278
3500
3500
3500
3500
3192
Time Lap: 	1.44s	Track Length: 	 2.32m	Medium Speed: 	 1.94m/s
Sloth FirmwareMaple Mini
v0.75
Calibrating sensors...Done.
Speed: 80.00	 KP: 0.50	 KD: 0.09
0
233
0
0
0
-109
0
-208
-3500
-204
101
-274
-252
-229
-346
-522
-676
-786
-936
-925
-885
-927
-481
-945
-952
-944
-868
-866
-820
-770
-699
-530
-413
-211
-158
0
0
0
0
156
226
580
629
769
750
513
615
538
245
167
-124
0
-122
-146
-310
-574
-847
-971
-779
-1018
-1130
-1267
-1308
-1440
-1480
-1537
-1417
-786
-1108
-1088
-931
-847
-305
0
0
0
490
777
842
869
632
1202
1504
1557
1404
1421
1035
885
876
812
714
0
-213
-665
-1058
-1086
-1826
-2037
-2040
-2096
-2520
-2799
-2783
-2419
-2171
-2098
-1973
-1252
-980
-619
-102
410
782
1589
1320
2208
2866
2770
2934
2862
Time Lap: 	1.43s	Track Length: 	 2.33m	Medium Speed: 	 1.96m/s
Sloth FirmwareMaple Mini
v0.75
Calibrating sensors...Done.
Speed: 100.00	 KP: 1.00	 KD: 0.60
-185
-185
-185
-184
-186
-250
-137
-191
-196
0
-235
-191
-260
-282
-225
-286
-367
-620
-666
-764
-788
-793
-804
-780
-715
-693
-677
-651
-614
-551
-490
-360
-289
-191
0
-149
-114
0
0
124
248
293
323
272
322
358
0
0
0
0
-109
-225
-208
-567
-980
-1068
-1169
-1342
-1627
-258
-2006
-2001
-2018
-2034
-2009
-1945
-1722
-1260
-1084
-896
-354
0
375
894
1025
1618
1843
1984
2555
2727
2540
2874
2876
2795
2226
2035
1843
1184
760
0
-833
-1615
-2194
-2946
-3395
-3137
-3500
-3500
-3500
Time Lap: 	1.17s	Track Length: 	 2.33m	Medium Speed: 	 2.39m/s
