Calibrating sensors...Sloth FirmwareMaple Mini
v0.75
Calibrating sensors...Done.
Sloth FirmwareMaple Mini
v0.75
Calibrating sensors...Done.
1.67: 0--> 1	 Erro: -837	 T_E: 1.21	 T_T: 1.21
3.95: 1--> 9	 Erro: 1472	 T_E: 2.43	 T_T: 3.64
4.41: 9--> 10	 Erro: 0	 T_E: 0.40	 T_T: 4.04
5.22: 10--> 11	 Erro: 738	 T_E: 0.63	 T_T: 4.67
5.75: 11--> 12	 Erro: 1161	 T_E: 0.49	 T_T: 5.16
6.47: 12--> 13	 Erro: 1080	 T_E: 0.64	 T_T: 5.80
7.45: 13--> 14	 Erro: -594	 T_E: 0.94	 T_T: 6.74
8.19: 14--> 15	 Erro: 0	 T_E: 0.59	 T_T: 7.33
8.95: 15--> 16	 Erro: -732	 T_E: 0.71	 T_T: 8.04
9.68: 16--> 17	 Erro: -699	 T_E: 0.58	 T_T: 8.61
11.15: 17--> 18	 Erro: -133	 T_E: 1.34	 T_T: 9.95
12.22: 18--> 19	 Erro: -194	 T_E: 0.74	 T_T: 10.68
13.75: 19--> 22	 Erro: 616	 T_E: 1.42	 T_T: 12.10
13.87: 22--> 23	 Erro: 0	 T_E: 0.09	 T_T: 12.19
14.30: 23--> 24	 Erro: -771	 T_E: 0.42	 T_T: 12.61
16.82: 24--> 25	 Erro: 949	 T_E: 2.09	 T_T: 14.70
18.35: 25--> 30	 Erro: -211	 T_E: 1.38	 T_T: 16.07
18.67: 30--> 31	 Erro: -790	 T_E: 0.24	 T_T: 16.32
19.66: 31--> 34	 Erro: -665	 T_E: 0.98	 T_T: 17.30
20.00: 34--> 35	 Erro: 0	 T_E: 0.29	 T_T: 17.58
20.50: 35--> 36	 Erro: 0	 T_E: 0.45	 T_T: 18.03
Time Lap: 	18.51s	Track Length: 	 17.60m	Medium Speed: 	 1.15m/s
Sloth FirmwareMaple Mini
v0.75
Calibrating sensors...Done.
1.67: 0--> 1	 Erro: 446	 T_E: 1.19	 T_T: 1.19
3.95: 1--> 9	 Erro: 1575	 T_E: 2.45	 T_T: 3.64
4.41: 9--> 10	 Erro: 1595	 T_E: 0.41	 T_T: 4.06
5.22: 10--> 11	 Erro: -1018	 T_E: 0.64	 T_T: 4.70
5.62: 11--> 12	 Erro: 0	 T_E: 0.39	 T_T: 5.09
6.47: 12--> 13	 Erro: 0	 T_E: 0.66	 T_T: 5.75
7.32: 13--> 14	 Erro: 0	 T_E: 0.79	 T_T: 6.54
8.19: 14--> 15	 Erro: 0	 T_E: 0.64	 T_T: 7.18
8.82: 15--> 16	 Erro: 601	 T_E: 0.60	 T_T: 7.77
9.68: 16--> 17	 Erro: -129	 T_E: 0.69	 T_T: 8.47
11.02: 17--> 18	 Erro: -170	 T_E: 1.24	 T_T: 9.71
12.22: 18--> 19	 Erro: 0	 T_E: 0.84	 T_T: 10.55
13.62: 19--> 22	 Erro: 984	 T_E: 1.29	 T_T: 11.84
13.87: 22--> 23	 Erro: 655	 T_E: 0.20	 T_T: 12.04
14.17: 23--> 24	 Erro: 537	 T_E: 0.28	 T_T: 12.33
16.82: 24--> 25	 Erro: -1049	 T_E: 2.08	 T_T: 14.41
18.22: 25--> 30	 Erro: -637	 T_E: 1.36	 T_T: 15.76
18.67: 30--> 31	 Erro: -343	 T_E: 0.37	 T_T: 16.13
19.53: 31--> 34	 Erro: -934	 T_E: 0.85	 T_T: 16.99
20.00: 34--> 35	 Erro: 1088	 T_E: 0.40	 T_T: 17.38
20.37: 35--> 36	 Erro: -1061	 T_E: 0.36	 T_T: 17.74
Time Lap: 	18.42s	Track Length: 	 17.60m	Medium Speed: 	 1.15m/s
Sloth FirmwareMaple Mini
v0.75
Calibrating sensors...Done.
1.67: 0--> 1	 Erro: -153	 T_E: 1.20	 T_T: 1.20
3.95: 1--> 9	 Erro: 1533	 T_E: 2.43	 T_T: 3.63
4.41: 9--> 10	 Erro: 741	 T_E: 0.38	 T_T: 4.01
5.22: 10--> 11	 Erro: 264	 T_E: 0.62	 T_T: 4.62
5.62: 11--> 12	 Erro: -584	 T_E: 0.36	 T_T: 4.99
6.47: 12--> 13	 Erro: 0	 T_E: 0.67	 T_T: 5.65
7.32: 13--> 14	 Erro: 0	 T_E: 0.77	 T_T: 6.42
8.19: 14--> 15	 Erro: 160	 T_E: 0.64	 T_T: 7.06
8.82: 15--> 16	 Erro: 573	 T_E: 0.59	 T_T: 7.65
9.68: 16--> 17	 Erro: -901	 T_E: 0.71	 T_T: 8.36
11.02: 17--> 18	 Erro: -395	 T_E: 1.21	 T_T: 9.57
12.22: 18--> 19	 Erro: 862	 T_E: 0.89	 T_T: 10.47
13.62: 19--> 22	 Erro: 677	 T_E: 1.27	 T_T: 11.73
13.87: 22--> 23	 Erro: -863	 T_E: 0.20	 T_T: 11.93
14.17: 23--> 24	 Erro: -162	 T_E: 0.28	 T_T: 12.22
16.82: 24--> 25	 Erro: -810	 T_E: 2.13	 T_T: 14.35
18.22: 25--> 30	 Erro: 177	 T_E: 1.33	 T_T: 15.67
18.67: 30--> 31	 Erro: -986	 T_E: 0.34	 T_T: 16.02
19.53: 31--> 34	 Erro: -230	 T_E: 0.84	 T_T: 16.86
20.00: 34--> 35	 Erro: 1350	 T_E: 0.38	 T_T: 17.24
20.37: 35--> 36	 Erro: 0	 T_E: 0.34	 T_T: 17.58
Time Lap: 	18.16s	Track Length: 	 17.60m	Medium Speed: 	 1.17m/s
