Sloth FirmwareMaple Mini
v0.75
Calibrating sensors...Done.
1.75: 0--> 1	 Erro: 0	 T_E: 1.36	 T_T: 1.36
3.95: 1--> 9	 Erro: 1991	 T_E: 2.40	 T_T: 3.76
4.49: 9--> 10	 Erro: 733	 T_E: 0.47	 T_T: 4.23
5.30: 10--> 11	 Erro: 548	 T_E: 0.67	 T_T: 4.89
5.75: 11--> 12	 Erro: -207	 T_E: 0.43	 T_T: 5.32
6.55: 12--> 13	 Erro: 1089	 T_E: 0.66	 T_T: 5.98
7.45: 13--> 14	 Erro: 118	 T_E: 0.85	 T_T: 6.83
8.27: 14--> 15	 Erro: 883	 T_E: 0.58	 T_T: 7.41
8.95: 15--> 16	 Erro: -1455	 T_E: 0.66	 T_T: 8.07
9.76: 16--> 17	 Erro: 0	 T_E: 0.68	 T_T: 8.75
11.15: 17--> 18	 Erro: -968	 T_E: 1.27	 T_T: 10.02
12.30: 18--> 19	 Erro: 765	 T_E: 0.96	 T_T: 10.98
13.75: 19--> 22	 Erro: 1128	 T_E: 1.40	 T_T: 12.38
13.95: 22--> 23	 Erro: -790	 T_E: 0.17	 T_T: 12.55
14.30: 23--> 24	 Erro: 108	 T_E: 0.35	 T_T: 12.90
16.90: 24--> 25	 Erro: -1385	 T_E: 2.19	 T_T: 15.09
18.35: 25--> 30	 Erro: 0	 T_E: 1.37	 T_T: 16.46
18.75: 30--> 31	 Erro: 394	 T_E: 0.28	 T_T: 16.74
19.66: 31--> 34	 Erro: -1252	 T_E: 0.83	 T_T: 17.57
20.08: 34--> 35	 Erro: 1013	 T_E: 0.38	 T_T: 17.95
20.50: 35--> 36	 Erro: 0	 T_E: 0.38	 T_T: 18.33
Time Lap: 	18.83s	Track Length: 	 17.60m	Medium Speed: 	 1.13m/s
Sloth FirmwareMaple Mini
v0.75
Calibrating sensors...Sloth FirmwareMaple Mini
v0.75
Calibrating sensors...Done.
1.75: 0--> 1	 Erro: 0	 T_E: 1.39	 T_T: 1.39
3.95: 1--> 9	 Erro: 1969	 T_E: 2.41	 T_T: 3.79
4.49: 9--> 10	 Erro: 1109	 T_E: 0.48	 T_T: 4.27
5.30: 10--> 11	 Erro: -883	 T_E: 0.66	 T_T: 4.94
5.75: 11--> 12	 Erro: 937	 T_E: 0.45	 T_T: 5.39
6.55: 12--> 13	 Erro: -419	 T_E: 0.66	 T_T: 6.05
7.45: 13--> 14	 Erro: -984	 T_E: 0.88	 T_T: 6.93
8.27: 14--> 15	 Erro: 583	 T_E: 0.65	 T_T: 7.57
8.95: 15--> 16	 Erro: -919	 T_E: 0.67	 T_T: 8.24
9.76: 16--> 17	 Erro: 124	 T_E: 0.68	 T_T: 8.92
11.15: 17--> 18	 Erro: 240	 T_E: 1.28	 T_T: 10.20
12.30: 18--> 19	 Erro: 0	 T_E: 0.83	 T_T: 11.03
13.75: 19--> 22	 Erro: 0	 T_E: 1.33	 T_T: 12.37
13.95: 22--> 23	 Erro: 877	 T_E: 0.16	 T_T: 12.52
14.30: 23--> 24	 Erro: 940	 T_E: 0.34	 T_T: 12.86
16.90: 24--> 25	 Erro: -1093	 T_E: 2.10	 T_T: 14.97
18.35: 25--> 30	 Erro: -267	 T_E: 1.34	 T_T: 16.31
18.75: 30--> 31	 Erro: 0	 T_E: 0.33	 T_T: 16.64
19.66: 31--> 34	 Erro: 0	 T_E: 0.92	 T_T: 17.56
20.08: 34--> 35	 Erro: 1045	 T_E: 0.36	 T_T: 17.92
20.50: 35--> 36	 Erro: 0	 T_E: 0.38	 T_T: 18.30
Time Lap: 	18.80s	Track Length: 	 17.60m	Medium Speed: 	 1.13m/s
