Sloth FirmwareMaple Mini
v0.75
Calibrating sensors...Done.
-,-,0.00,0.00
-,-,0.00,0.00
-,-,0.00,0.00
-,-,0.00,0.00
-,-,0.00,0.00
R,1,0.00,0.00
-,-,0.05,0.05
-,-,0.10,0.10
-,-,0.15,0.15
-,-,0.20,0.20
-,-,0.25,0.25
-,-,0.30,0.30
-,-,0.35,0.35
-,-,0.40,0.40
-,-,0.45,0.45
-,-,0.50,0.50
-,-,0.55,0.56
-,-,0.60,0.61
-,-,0.65,0.66
-,-,0.71,0.71
-,-,0.76,0.76
-,-,0.81,0.81
-,-,0.86,0.86
-,-,0.91,0.91
-,-,0.95,0.96
-,-,1.01,1.01
-,-,1.06,1.06
-,-,1.11,1.12
-,-,1.16,1.17
-,-,1.21,1.22
-,-,1.26,1.27
L,1,1.28,1.32
-,-,1.31,1.37
-,-,1.32,1.42
-,-,1.33,1.47
-,-,1.34,1.52
L,2,1.35,1.56
-,-,1.36,1.61
L,3,1.37,1.66
-,-,1.39,1.71
-,-,1.42,1.76
-,-,1.46,1.81
-,-,1.50,1.86
-,-,1.55,1.91
-,-,1.59,1.96
-,-,1.65,2.01
-,-,1.69,2.06
-,-,1.74,2.11
-,-,1.80,2.17
-,-,1.85,2.22
-,-,1.90,2.27
-,-,1.95,2.32
-,-,2.01,2.38
-,-,2.06,2.43
-,-,2.11,2.48
-,-,2.16,2.54
-,-,2.22,2.59
-,-,2.27,2.64
-,-,2.32,2.70
-,-,2.38,2.75
-,-,2.43,2.81
-,-,2.48,2.86
-,-,2.54,2.92
-,-,2.60,2.97
-,-,2.66,3.03
-,-,2.71,3.08
-,-,2.76,3.14
-,-,2.82,3.19
-,-,2.87,3.24
-,-,2.92,3.30
-,-,2.95,3.35
L,4,2.96,3.40
-,-,2.99,3.45
-,-,3.00,3.50
-,-,3.01,3.55
L,5,3.03,3.60
-,-,3.03,3.65
-,-,3.04,3.70
-,-,3.06,3.75
-,-,3.09,3.80
-,-,3.13,3.85
-,-,3.18,3.90
-,-,3.22,3.95
-,-,3.27,4.00
-,-,3.32,4.05
R,2,3.37,4.11
-,-,3.42,4.16
-,-,3.47,4.21
-,-,3.53,4.26
-,-,3.58,4.32
-,-,3.64,4.37
-,-,3.69,4.42
-,-,3.74,4.48
-,-,3.80,4.53
-,-,3.85,4.59
-,-,3.91,4.64
-,-,3.96,4.69
-,-,4.01,4.75
-,-,4.06,4.80
-,-,4.11,4.85
-,-,4.17,4.91
-,-,4.22,4.95
-,-,4.26,5.01
-,-,4.31,5.06
-,-,4.37,5.11
-,-,4.42,5.16
-,-,4.47,5.21
-,-,4.53,5.27
-,-,4.58,5.32
L,6,4.62,5.37
-,-,4.63,5.42
-,-,4.66,5.47
-,-,4.67,5.52
-,-,4.68,5.57
-,-,4.69,5.62
L,7,4.70,5.67
-,-,4.71,5.72
-,-,4.72,5.77
-,-,4.75,5.82
-,-,4.79,5.87
-,-,4.83,5.92
-,-,4.88,5.97
-,-,4.93,6.02
-,-,4.97,6.08
-,-,5.03,6.13
-,-,5.08,6.18
-,-,5.13,6.23
-,-,5.18,6.29
-,-,5.23,6.34
-,-,5.29,6.39
-,-,5.34,6.45
-,-,5.39,6.50
-,-,5.45,6.55
-,-,5.50,6.61
-,-,5.55,6.66
-,-,5.61,6.71
-,-,5.66,6.77
-,-,5.71,6.82
-,-,5.77,6.88
-,-,5.82,6.93
-,-,5.88,6.99
-,-,5.93,7.04
-,-,5.98,7.10
-,-,6.04,7.15
-,-,6.10,7.21
-,-,6.15,7.26
-,-,6.20,7.31
-,-,6.25,7.36
-,-,6.28,7.42
-,-,6.30,7.47
L,8,6.33,7.51
-,-,6.34,7.56
-,-,6.35,7.61
L,9,6.36,7.66
-,-,6.38,7.71
-,-,6.38,7.76
-,-,6.39,7.81
-,-,6.42,7.86
-,-,6.46,7.91
-,-,6.49,7.96
-,-,6.53,8.00
-,-,6.59,8.06
-,-,6.64,8.11
-,-,6.68,8.16
R,3,6.73,8.21
-,-,6.76,8.25
-,-,6.81,8.29
-,-,6.86,8.33
-,-,6.91,8.38
-,-,6.95,8.43
-,-,7.01,8.48
-,-,7.06,8.54
-,-,7.12,8.59
-,-,7.17,8.65
-,-,7.23,8.70
-,-,7.28,8.76
-,-,7.33,8.81
-,-,7.38,8.86
-,-,7.44,8.92
-,-,7.49,8.97
-,-,7.55,9.02
-,-,7.59,9.07
-,-,7.64,9.12
-,-,7.69,9.17
-,-,7.75,9.22
-,-,7.80,9.28
-,-,7.85,9.33
-,-,7.90,9.38
-,-,7.95,9.43
L,10,7.97,9.48
-,-,7.99,9.53
-,-,8.01,9.58
-,-,8.02,9.63
-,-,8.03,9.68
-,-,8.04,9.73
L,11,8.05,9.77
-,-,8.06,9.82
-,-,8.08,9.87
-,-,8.11,9.92
-,-,8.15,9.97
-,-,8.19,10.02
-,-,8.24,10.07
-,-,8.29,10.13
-,-,8.34,10.18
-,-,8.39,10.23
-,-,8.44,10.29
-,-,8.50,10.34
-,-,8.55,10.39
-,-,8.61,10.45
-,-,8.66,10.50
-,-,8.72,10.56
-,-,8.77,10.62
-,-,8.83,10.67
-,-,8.89,10.73
-,-,8.94,10.78
-,-,9.00,10.84
-,-,9.06,10.90
-,-,9.11,10.95
-,-,9.17,11.01
-,-,9.23,11.07
-,-,9.29,11.13
-,-,9.34,11.19
-,-,9.40,11.24
-,-,9.46,11.30
-,-,9.51,11.35
-,-,9.57,11.41
-,-,9.62,11.47
-,-,9.64,11.52
L,12,9.66,11.57
-,-,9.69,11.62
-,-,9.69,11.67
L,13,9.71,11.73
-,-,9.72,11.78
-,-,9.73,11.83
-,-,9.74,11.88
-,-,9.76,11.93
-,-,9.80,11.98
-,-,9.84,12.03
-,-,9.88,12.08
-,-,9.93,12.13
-,-,9.98,12.18
R,4,10.04,12.24
-,-,10.09,12.29
-,-,10.14,12.35
-,-,10.20,12.40
-,-,10.26,12.46
-,-,10.31,12.52
-,-,10.37,12.57
-,-,10.43,12.63
-,-,10.48,12.68
-,-,10.54,12.74
Robot Paused
speed: 25.00	 kp: 1.00	 kd: 0.35	 
Time Lap: 	25.63s	Track Length: 	 12.78m	Medium Speed: 	 0.50m/s
