Calibrating sensors...Sloth FirmwareMaple Mini
v0.75
Calibrating sensors...Done.
-,-,0.00,0.00
-,-,0.00,0.00
-,-,0.00,0.00
-,-,0.00,0.00
-,-,0.00,0.00
-,-,0.00,0.00
-,-,0.00,0.00
-,-,0.00,0.00
-,-,0.00,0.00
-,-,0.00,0.00
-,-,0.00,0.00
-,-,0.00,0.00
-,-,0.00,0.00
-,-,0.00,0.00
-,-,0.00,0.00
-,-,0.00,0.00
-,-,0.00,0.00
-,-,0.00,0.00
-,-,0.00,0.00
-,-,0.00,0.00
-,-,0.00,0.00
-,-,0.00,0.00
-,-,0.00,0.00
-,-,0.00,0.00
-,-,0.00,0.00
-,-,0.00,0.00
-,-,0.00,0.00
-,-,0.00,0.00
-,-,0.00,0.00
-,-,0.00,0.00
-,-,0.00,0.00
-,-,0.00,0.00
-,-,0.00,0.00
-,-,0.00,0.00
-,-,0.00,0.00
-,-,0.00,0.00
-,-,0.00,0.00
-,-,0.00,0.00
-,-,0.00,0.00
-,-,0.00,0.00
-,-,0.00,0.00
-,-,0.00,0.00
-,-,0.00,0.00
-,-,0.00,0.00
-,-,0.00,0.00
-,-,0.00,0.00
-,-,0.00,0.00
-,-,0.00,0.00
-,-,0.00,0.00
-,-,0.00,0.00
-,-,0.00,0.00
-,-,0.00,0.00
-,-,0.00,0.00
-,-,0.00,0.00
-,-,0.00,0.00
-,-,0.00,0.00
-,-,0.00,0.00
-,-,0.00,0.00
R,1,0.00,0.00
-,-,0.01,0.02
-,-,0.03,0.03
-,-,0.04,0.05
-,-,0.05,0.06
-,-,0.06,0.08
-,-,0.08,0.09
-,-,0.09,0.11
-,-,0.11,0.12
-,-,0.12,0.13
-,-,0.14,0.14
-,-,0.15,0.16
-,-,0.17,0.17
-,-,0.18,0.18
-,-,0.20,0.20
-,-,0.21,0.21
-,-,0.23,0.22
-,-,0.24,0.23
-,-,0.26,0.25
-,-,0.27,0.26
-,-,0.28,0.27
-,-,0.30,0.29
-,-,0.31,0.30
-,-,0.32,0.32
-,-,0.33,0.33
-,-,0.35,0.35
-,-,0.36,0.36
-,-,0.37,0.37
-,-,0.39,0.39
-,-,0.40,0.40
-,-,0.41,0.41
-,-,0.43,0.42
-,-,0.44,0.44
-,-,0.45,0.45
-,-,0.47,0.46
-,-,0.48,0.48
-,-,0.50,0.49
-,-,0.51,0.51
-,-,0.52,0.52
-,-,0.54,0.54
-,-,0.55,0.55
-,-,0.57,0.56
-,-,0.58,0.58
-,-,0.59,0.59
-,-,0.60,0.61
-,-,0.61,0.62
-,-,0.62,0.64
-,-,0.64,0.65
-,-,0.65,0.66
-,-,0.67,0.67
-,-,0.68,0.68
-,-,0.69,0.69
-,-,0.71,0.70
-,-,0.72,0.71
-,-,0.74,0.72
-,-,0.75,0.73
-,-,0.76,0.74
-,-,0.78,0.75
-,-,0.79,0.77
-,-,0.80,0.78
-,-,0.80,0.79
-,-,0.81,0.81
-,-,0.82,0.82
-,-,0.83,0.83
-,-,0.84,0.85
-,-,0.85,0.86
-,-,0.87,0.87
-,-,0.88,0.88
-,-,0.89,0.89
-,-,0.91,0.90
-,-,0.92,0.91
-,-,0.93,0.93
-,-,0.95,0.94
-,-,0.96,0.95
-,-,0.97,0.96
-,-,0.98,0.98
-,-,0.99,0.99
-,-,1.00,1.00
-,-,1.01,1.01
-,-,1.02,1.02
-,-,1.04,1.03
-,-,1.05,1.04
-,-,1.06,1.05
-,-,1.08,1.06
-,-,1.09,1.07
-,-,1.10,1.08
-,-,1.12,1.09
-,-,1.13,1.10
-,-,1.14,1.12
-,-,1.15,1.13
-,-,1.16,1.14
-,-,1.17,1.16
-,-,1.18,1.17
-,-,1.19,1.18
-,-,1.20,1.20
-,-,1.21,1.21
-,-,1.23,1.23
-,-,1.24,1.24
-,-,1.25,1.25
-,-,1.27,1.26
-,-,1.28,1.27
-,-,1.30,1.28
-,-,1.31,1.30
-,-,1.32,1.31
-,-,1.33,1.32
-,-,1.34,1.34
-,-,1.35,1.35
-,-,1.36,1.36
-,-,1.38,1.37
-,-,1.39,1.38
-,-,1.40,1.39
-,-,1.42,1.40
-,-,1.43,1.41
-,-,1.44,1.42
-,-,1.46,1.43
-,-,1.47,1.44
-,-,1.48,1.46
-,-,1.49,1.47
-,-,1.51,1.48
-,-,1.52,1.50
-,-,1.53,1.51
-,-,1.54,1.53
-,-,1.55,1.54
-,-,1.56,1.56
-,-,1.58,1.57
-,-,1.59,1.59
-,-,1.60,1.60
-,-,1.62,1.61
-,-,1.63,1.63
-,-,1.65,1.64
-,-,1.66,1.65
-,-,1.68,1.66
-,-,1.69,1.68
-,-,1.71,1.69
-,-,1.72,1.70
-,-,1.74,1.72
-,-,1.75,1.73
-,-,1.76,1.74
-,-,1.78,1.76
-,-,1.79,1.77
-,-,1.80,1.79
-,-,1.82,1.80
L,1,1.83,1.81
-,-,1.85,1.82
-,-,1.86,1.83
-,-,1.88,1.84
-,-,1.89,1.85
-,-,1.91,1.85
-,-,1.92,1.86
-,-,1.94,1.86
-,-,1.95,1.86
-,-,1.97,1.86
-,-,1.99,1.87
-,-,2.00,1.87
-,-,2.02,1.87
-,-,2.03,1.87
-,-,2.05,1.88
-,-,2.06,1.88
-,-,2.08,1.89
-,-,2.09,1.90
-,-,2.11,1.91
-,-,2.13,1.92
L,2,2.14,1.93
-,-,2.16,1.94
-,-,2.17,1.95
-,-,2.19,1.96
-,-,2.20,1.98
-,-,2.22,1.99
-,-,2.23,1.99
-,-,2.25,2.00
L,3,2.27,2.01
-,-,2.28,2.01
-,-,2.30,2.01
-,-,2.32,2.02
-,-,2.33,2.02
-,-,2.35,2.02
-,-,2.36,2.03
-,-,2.38,2.03
-,-,2.39,2.03
-,-,2.41,2.03
-,-,2.43,2.03
-,-,2.44,2.03
-,-,2.46,2.04
-,-,2.47,2.04
-,-,2.49,2.05
-,-,2.50,2.06
-,-,2.52,2.07
-,-,2.53,2.08
-,-,2.55,2.09
-,-,2.56,2.11
L,4,2.57,2.12
-,-,2.58,2.13
-,-,2.59,2.15
-,-,2.59,2.16
-,-,2.60,2.18
-,-,2.60,2.19
-,-,2.61,2.20
-,-,2.61,2.22
-,-,2.61,2.23
-,-,2.62,2.25
-,-,2.62,2.26
-,-,2.63,2.28
-,-,2.63,2.29
-,-,2.64,2.31
-,-,2.65,2.32
-,-,2.65,2.34
-,-,2.66,2.35
-,-,2.66,2.37
-,-,2.67,2.38
-,-,2.67,2.40
-,-,2.67,2.41
-,-,2.68,2.43
-,-,2.68,2.44
-,-,2.68,2.46
-,-,2.68,2.47
-,-,2.68,2.49
-,-,2.68,2.50
-,-,2.69,2.52
-,-,2.69,2.53
-,-,2.70,2.54
-,-,2.70,2.56
-,-,2.71,2.57
-,-,2.71,2.59
-,-,2.71,2.60
-,-,2.72,2.62
-,-,2.72,2.63
-,-,2.73,2.65
-,-,2.73,2.66
-,-,2.74,2.67
-,-,2.75,2.68
-,-,2.77,2.69
-,-,2.78,2.70
-,-,2.79,2.70
-,-,2.80,2.71
-,-,2.82,2.71
-,-,2.83,2.71
-,-,2.85,2.72
-,-,2.86,2.72
-,-,2.87,2.72
-,-,2.89,2.72
-,-,2.90,2.73
-,-,2.92,2.73
-,-,2.93,2.74
-,-,2.95,2.75
-,-,2.96,2.75
-,-,2.98,2.76
-,-,2.99,2.77
-,-,3.01,2.78
-,-,3.02,2.78
-,-,3.04,2.79
-,-,3.05,2.79
-,-,3.07,2.80
-,-,3.08,2.80
-,-,3.10,2.81
-,-,3.11,2.81
-,-,3.13,2.81
-,-,3.14,2.81
-,-,3.16,2.81
-,-,3.18,2.82
-,-,3.19,2.82
-,-,3.21,2.82
-,-,3.22,2.82
-,-,3.24,2.82
-,-,3.25,2.82
-,-,3.27,2.83
-,-,3.28,2.83
-,-,3.30,2.84
-,-,3.31,2.85
-,-,3.32,2.86
L,5,3.34,2.87
-,-,3.35,2.88
-,-,3.35,2.90
-,-,3.36,2.91
-,-,3.37,2.92
-,-,3.37,2.94
-,-,3.37,2.95
-,-,3.38,2.96
-,-,3.38,2.98
-,-,3.39,2.99
-,-,3.39,3.01
-,-,3.40,3.02
-,-,3.40,3.04
-,-,3.41,3.05
-,-,3.42,3.07
-,-,3.42,3.08
-,-,3.43,3.09
-,-,3.44,3.11
-,-,3.44,3.12
-,-,3.45,3.14
-,-,3.45,3.15
-,-,3.45,3.17
-,-,3.45,3.18
-,-,3.45,3.20
-,-,3.46,3.21
-,-,3.46,3.23
-,-,3.46,3.24
-,-,3.46,3.26
-,-,3.47,3.27
-,-,3.47,3.29
-,-,3.48,3.30
-,-,3.48,3.32
-,-,3.49,3.33
-,-,3.49,3.35
-,-,3.50,3.36
-,-,3.50,3.38
-,-,3.51,3.39
-,-,3.51,3.41
-,-,3.52,3.42
-,-,3.53,3.44
-,-,3.54,3.45
-,-,3.55,3.46
-,-,3.56,3.48
-,-,3.57,3.49
-,-,3.58,3.49
-,-,3.60,3.50
-,-,3.61,3.51
-,-,3.63,3.52
-,-,3.64,3.52
-,-,3.66,3.52
-,-,3.67,3.53
-,-,3.68,3.53
-,-,3.70,3.53
-,-,3.72,3.54
-,-,3.73,3.54
-,-,3.75,3.54
-,-,3.76,3.54
-,-,3.78,3.55
-,-,3.79,3.55
L,6,3.81,3.56
-,-,3.82,3.57
-,-,3.84,3.58
-,-,3.85,3.59
-,-,3.87,3.60
-,-,3.88,3.61
-,-,3.89,3.62
-,-,3.91,3.64
-,-,3.92,3.65
-,-,3.93,3.66
-,-,3.95,3.68
-,-,3.96,3.69
-,-,3.97,3.71
-,-,3.99,3.72
L,7,4.00,3.73
-,-,4.01,3.74
-,-,4.03,3.75
-,-,4.04,3.75
-,-,4.06,3.76
-,-,4.07,3.77
-,-,4.09,3.77
-,-,4.10,3.78
-,-,4.12,3.78
-,-,4.13,3.79
-,-,4.15,3.80
-,-,4.16,3.81
-,-,4.18,3.82
-,-,4.19,3.83
-,-,4.20,3.84
-,-,4.22,3.86
-,-,4.23,3.87
-,-,4.25,3.88
-,-,4.26,3.90
-,-,4.27,3.91
-,-,4.29,3.92
-,-,4.30,3.93
-,-,4.32,3.94
-,-,4.33,3.95
-,-,4.35,3.96
-,-,4.36,3.97
-,-,4.38,3.98
-,-,4.40,3.99
-,-,4.41,3.99
-,-,4.43,4.00
-,-,4.44,4.01
-,-,4.46,4.02
-,-,4.47,4.03
-,-,4.49,4.04
-,-,4.50,4.05
-,-,4.52,4.07
-,-,4.53,4.08
-,-,4.55,4.09
-,-,4.56,4.10
-,-,4.58,4.11
-,-,4.60,4.12
-,-,4.61,4.13
-,-,4.62,4.14
-,-,4.64,4.15
-,-,4.65,4.17
-,-,4.66,4.18
-,-,4.67,4.19
-,-,4.68,4.21
-,-,4.69,4.22
-,-,4.71,4.23
-,-,4.72,4.24
-,-,4.73,4.25
-,-,4.75,4.26
-,-,4.76,4.27
-,-,4.78,4.28
L,8,4.79,4.29
-,-,4.81,4.29
-,-,4.82,4.30
-,-,4.84,4.31
-,-,4.85,4.32
-,-,4.87,4.33
-,-,4.88,4.34
-,-,4.89,4.36
-,-,4.90,4.37
-,-,4.91,4.38
-,-,4.92,4.40
-,-,4.93,4.41
-,-,4.94,4.42
-,-,4.95,4.44
-,-,4.96,4.45
-,-,4.98,4.47
-,-,4.99,4.48
-,-,5.00,4.49
-,-,5.02,4.50
-,-,5.03,4.51
-,-,5.05,4.52
-,-,5.06,4.53
-,-,5.07,4.54
-,-,5.09,4.55
-,-,5.10,4.56
-,-,5.12,4.57
-,-,5.13,4.59
-,-,5.14,4.60
-,-,5.15,4.62
-,-,5.16,4.63
-,-,5.17,4.65
-,-,5.18,4.66
-,-,5.20,4.67
-,-,5.21,4.69
-,-,5.22,4.70
-,-,5.24,4.72
-,-,5.25,4.73
-,-,5.26,4.75
-,-,5.28,4.76
-,-,5.29,4.77
-,-,5.31,4.78
-,-,5.32,4.79
-,-,5.34,4.81
-,-,5.35,4.82
-,-,5.37,4.83
-,-,5.38,4.85
-,-,5.40,4.86
-,-,5.41,4.88
-,-,5.43,4.89
-,-,5.44,4.91
-,-,5.46,4.92
-,-,5.47,4.93
-,-,5.49,4.95
-,-,5.50,4.96
-,-,5.51,4.98
-,-,5.53,4.99
-,-,5.54,5.01
-,-,5.56,5.03
-,-,5.57,5.04
-,-,5.59,5.06
-,-,5.60,5.07
L,9,5.62,5.08
-,-,5.63,5.10
-,-,5.65,5.11
-,-,5.67,5.11
-,-,5.68,5.12
-,-,5.70,5.13
-,-,5.71,5.13
-,-,5.73,5.14
-,-,5.74,5.14
-,-,5.76,5.14
-,-,5.78,5.14
-,-,5.79,5.15
-,-,5.81,5.15
-,-,5.82,5.15
-,-,5.84,5.15
-,-,5.86,5.15
-,-,5.87,5.16
-,-,5.89,5.16
-,-,5.90,5.17
-,-,5.92,5.17
-,-,5.93,5.18
-,-,5.95,5.19
-,-,5.96,5.20
L,10,5.98,5.21
-,-,5.99,5.22
-,-,6.00,5.23
-,-,6.02,5.24
-,-,6.03,5.26
-,-,6.04,5.27
-,-,6.05,5.28
-,-,6.06,5.30
-,-,6.08,5.31
-,-,6.09,5.32
-,-,6.10,5.34
-,-,6.12,5.35
-,-,6.13,5.36
-,-,6.14,5.38
-,-,6.16,5.39
-,-,6.17,5.40
-,-,6.19,5.42
-,-,6.20,5.43
-,-,6.22,5.44
-,-,6.23,5.46
-,-,6.25,5.47
-,-,6.26,5.48
-,-,6.28,5.49
-,-,6.29,5.50
-,-,6.31,5.52
L,11,6.32,5.53
R,2,6.33,5.54
-,-,6.34,5.56
-,-,6.36,5.57
-,-,6.37,5.59
-,-,6.38,5.60
-,-,6.40,5.62
-,-,6.41,5.63
-,-,6.42,5.64
-,-,6.44,5.65
-,-,6.45,5.66
-,-,6.47,5.68
-,-,6.48,5.69
-,-,6.49,5.70
-,-,6.50,5.71
-,-,6.51,5.73
-,-,6.52,5.74
-,-,6.53,5.75
-,-,6.54,5.77
-,-,6.55,5.78
-,-,6.56,5.80
-,-,6.58,5.81
-,-,6.59,5.82
-,-,6.60,5.83
-,-,6.61,5.85
-,-,6.63,5.86
-,-,6.64,5.87
-,-,6.65,5.88
C,1,6.67,5.89
-,-,6.68,5.90
-,-,6.70,5.91
-,-,6.71,5.92
-,-,6.73,5.93
-,-,6.74,5.95
-,-,6.75,5.96
-,-,6.77,5.97
-,-,6.78,5.99
-,-,6.79,6.00
-,-,6.81,6.02
-,-,6.82,6.03
-,-,6.83,6.05
-,-,6.84,6.06
-,-,6.86,6.08
-,-,6.87,6.09
-,-,6.89,6.11
-,-,6.90,6.12
-,-,6.91,6.14
-,-,6.93,6.15
-,-,6.94,6.16
-,-,6.96,6.18
-,-,6.98,6.19
-,-,6.99,6.20
L,12,7.01,6.22
-,-,7.02,6.23
-,-,7.03,6.25
-,-,7.04,6.26
-,-,7.05,6.28
-,-,7.06,6.29
-,-,7.07,6.31
-,-,7.07,6.33
-,-,7.07,6.34
-,-,7.08,6.36
-,-,7.08,6.37
-,-,7.08,6.39
-,-,7.09,6.40
-,-,7.09,6.42
-,-,7.10,6.43
-,-,7.11,6.45
-,-,7.12,6.46
-,-,7.13,6.48
-,-,7.14,6.49
-,-,7.15,6.51
-,-,7.16,6.52
-,-,7.16,6.54
-,-,7.17,6.55
-,-,7.18,6.57
-,-,7.19,6.58
-,-,7.20,6.60
-,-,7.20,6.61
-,-,7.21,6.63
-,-,7.21,6.64
-,-,7.22,6.66
-,-,7.23,6.67
-,-,7.23,6.69
-,-,7.24,6.70
-,-,7.25,6.72
-,-,7.25,6.73
-,-,7.26,6.75
-,-,7.27,6.76
-,-,7.27,6.78
-,-,7.28,6.79
-,-,7.29,6.81
-,-,7.29,6.82
-,-,7.30,6.84
-,-,7.30,6.85
-,-,7.31,6.87
-,-,7.31,6.88
-,-,7.32,6.90
-,-,7.33,6.92
-,-,7.33,6.93
-,-,7.34,6.95
-,-,7.35,6.96
-,-,7.35,6.98
-,-,7.36,6.99
-,-,7.37,7.01
-,-,7.37,7.02
-,-,7.38,7.04
L,13,7.39,7.05
-,-,7.40,7.07
-,-,7.41,7.08
-,-,7.42,7.10
-,-,7.43,7.11
-,-,7.44,7.13
-,-,7.45,7.14
-,-,7.45,7.16
-,-,7.46,7.17
-,-,7.47,7.18
-,-,7.48,7.20
-,-,7.50,7.21
-,-,7.51,7.22
-,-,7.52,7.22
-,-,7.54,7.23
-,-,7.55,7.24
-,-,7.56,7.25
-,-,7.58,7.26
-,-,7.59,7.27
-,-,7.61,7.28
-,-,7.62,7.29
-,-,7.63,7.30
-,-,7.64,7.31
-,-,7.65,7.33
-,-,7.66,7.34
-,-,7.67,7.35
-,-,7.68,7.37
-,-,7.69,7.38
-,-,7.70,7.40
-,-,7.71,7.41
-,-,7.72,7.42
-,-,7.73,7.44
R,3,7.74,7.45
L,14,7.75,7.46
-,-,7.77,7.48
-,-,7.78,7.49
-,-,7.80,7.50
-,-,7.81,7.51
-,-,7.82,7.52
-,-,7.84,7.53
-,-,7.85,7.54
-,-,7.87,7.55
-,-,7.88,7.56
-,-,7.90,7.58
-,-,7.91,7.59
-,-,7.92,7.61
-,-,7.93,7.62
-,-,7.95,7.63
-,-,7.96,7.65
-,-,7.97,7.66
-,-,7.98,7.68
-,-,8.00,7.69
-,-,8.01,7.70
-,-,8.02,7.72
-,-,8.03,7.73
-,-,8.04,7.74
-,-,8.06,7.75
-,-,8.07,7.77
-,-,8.08,7.78
R,4,8.10,7.79
L,15,8.11,7.80
-,-,8.13,7.82
-,-,8.14,7.83
-,-,8.16,7.84
-,-,8.17,7.86
-,-,8.19,7.87
-,-,8.20,7.88
-,-,8.22,7.90
-,-,8.23,7.91
-,-,8.24,7.92
-,-,8.26,7.94
-,-,8.27,7.95
-,-,8.28,7.96
-,-,8.30,7.98
-,-,8.31,7.99
-,-,8.33,8.01
-,-,8.34,8.02
-,-,8.36,8.03
-,-,8.37,8.05
-,-,8.38,8.06
-,-,8.40,8.08
L,16,8.41,8.09
-,-,8.43,8.11
-,-,8.44,8.12
-,-,8.46,8.13
-,-,8.48,8.14
-,-,8.49,8.15
-,-,8.51,8.16
-,-,8.52,8.17
-,-,8.54,8.17
-,-,8.55,8.17
-,-,8.57,8.18
-,-,8.59,8.18
-,-,8.60,8.18
-,-,8.62,8.19
-,-,8.63,8.19
-,-,8.65,8.19
-,-,8.66,8.20
-,-,8.68,8.20
-,-,8.70,8.21
-,-,8.71,8.22
-,-,8.73,8.23
-,-,8.74,8.24
-,-,8.76,8.25
-,-,8.77,8.25
-,-,8.79,8.26
-,-,8.80,8.27
-,-,8.82,8.27
-,-,8.84,8.28
-,-,8.85,8.28
-,-,8.87,8.29
-,-,8.88,8.29
-,-,8.90,8.29
-,-,8.92,8.29
-,-,8.93,8.30
-,-,8.95,8.30
-,-,8.96,8.31
-,-,8.98,8.32
-,-,8.99,8.32
-,-,9.01,8.33
-,-,9.02,8.34
-,-,9.04,8.35
-,-,9.05,8.36
-,-,9.07,8.36
-,-,9.09,8.37
-,-,9.10,8.38
-,-,9.12,8.38
-,-,9.13,8.39
-,-,9.15,8.39
L,17,9.16,8.39
-,-,9.18,8.40
-,-,9.19,8.40
-,-,9.21,8.41
-,-,9.22,8.42
-,-,9.24,8.43
-,-,9.25,8.44
-,-,9.27,8.45
-,-,9.28,8.46
-,-,9.29,8.48
-,-,9.30,8.49
-,-,9.31,8.50
-,-,9.32,8.52
-,-,9.33,8.53
-,-,9.34,8.55
-,-,9.35,8.56
-,-,9.36,8.57
-,-,9.38,8.59
-,-,9.39,8.60
-,-,9.40,8.61
-,-,9.42,8.62
-,-,9.43,8.63
-,-,9.44,8.64
-,-,9.46,8.65
-,-,9.47,8.66
-,-,9.49,8.68
-,-,9.50,8.69
C,2,9.51,8.70
-,-,9.53,8.72
-,-,9.54,8.73
-,-,9.56,8.75
-,-,9.57,8.76
-,-,9.58,8.77
-,-,9.59,8.79
-,-,9.61,8.80
-,-,9.62,8.82
-,-,9.64,8.83
-,-,9.65,8.84
-,-,9.67,8.86
-,-,9.68,8.87
-,-,9.70,8.89
-,-,9.71,8.90
-,-,9.73,8.91
-,-,9.74,8.93
-,-,9.75,8.94
-,-,9.76,8.96
-,-,9.78,8.97
-,-,9.79,8.98
-,-,9.80,9.00
-,-,9.81,9.01
-,-,9.83,9.02
-,-,9.84,9.03
C,3,9.85,9.04
-,-,9.87,9.05
-,-,9.88,9.06
-,-,9.90,9.07
-,-,9.91,9.08
-,-,9.93,9.10
-,-,9.94,9.11
-,-,9.95,9.12
-,-,9.97,9.14
-,-,9.98,9.15
-,-,9.99,9.16
-,-,10.00,9.18
-,-,10.01,9.19
-,-,10.02,9.21
-,-,10.03,9.22
-,-,10.05,9.24
-,-,10.06,9.25
-,-,10.07,9.27
-,-,10.09,9.28
-,-,10.10,9.30
-,-,10.12,9.31
-,-,10.13,9.32
-,-,10.15,9.33
-,-,10.16,9.35
L,18,10.18,9.36
-,-,10.19,9.37
-,-,10.20,9.39
-,-,10.21,9.40
-,-,10.22,9.42
-,-,10.23,9.43
-,-,10.24,9.45
-,-,10.24,9.46
-,-,10.24,9.48
-,-,10.25,9.49
-,-,10.25,9.51
-,-,10.25,9.52
-,-,10.26,9.54
-,-,10.26,9.55
-,-,10.27,9.57
-,-,10.28,9.58
-,-,10.28,9.60
-,-,10.29,9.61
-,-,10.31,9.63
-,-,10.31,9.64
-,-,10.33,9.66
-,-,10.34,9.67
-,-,10.35,9.69
-,-,10.36,9.70
-,-,10.37,9.72
-,-,10.38,9.74
-,-,10.39,9.75
-,-,10.39,9.77
-,-,10.40,9.78
-,-,10.41,9.80
-,-,10.41,9.81
-,-,10.42,9.83
-,-,10.43,9.84
-,-,10.44,9.86
-,-,10.44,9.87
-,-,10.45,9.89
-,-,10.46,9.90
-,-,10.48,9.92
-,-,10.49,9.93
-,-,10.50,9.95
-,-,10.51,9.96
-,-,10.52,9.98
-,-,10.53,10.00
-,-,10.54,10.01
-,-,10.55,10.03
-,-,10.56,10.04
-,-,10.56,10.06
-,-,10.57,10.07
-,-,10.58,10.09
-,-,10.58,10.10
-,-,10.59,10.12
-,-,10.59,10.13
-,-,10.60,10.15
-,-,10.61,10.17
-,-,10.62,10.18
-,-,10.63,10.19
-,-,10.64,10.20
-,-,10.65,10.21
-,-,10.66,10.22
-,-,10.67,10.24
-,-,10.68,10.25
-,-,10.68,10.26
-,-,10.69,10.28
-,-,10.70,10.29
-,-,10.71,10.31
-,-,10.71,10.32
-,-,10.72,10.34
-,-,10.72,10.35
-,-,10.73,10.37
-,-,10.74,10.38
-,-,10.75,10.39
-,-,10.76,10.41
-,-,10.77,10.42
-,-,10.78,10.44
-,-,10.79,10.45
-,-,10.80,10.47
-,-,10.81,10.49
-,-,10.82,10.50
-,-,10.83,10.52
-,-,10.84,10.53
-,-,10.85,10.55
-,-,10.86,10.56
-,-,10.86,10.58
-,-,10.87,10.59
-,-,10.88,10.61
-,-,10.89,10.62
-,-,10.89,10.64
-,-,10.90,10.65
-,-,10.91,10.67
-,-,10.92,10.68
-,-,10.93,10.70
-,-,10.93,10.71
-,-,10.94,10.73
-,-,10.95,10.74
-,-,10.95,10.76
-,-,10.96,10.77
-,-,10.96,10.79
-,-,10.97,10.81
-,-,10.97,10.82
-,-,10.98,10.84
L,19,10.98,10.85
-,-,10.99,10.87
-,-,11.00,10.88
-,-,11.01,10.89
-,-,11.02,10.91
-,-,11.03,10.92
-,-,11.04,10.93
-,-,11.05,10.95
-,-,11.06,10.96
-,-,11.07,10.97
-,-,11.09,10.98
-,-,11.10,10.99
-,-,11.11,11.00
-,-,11.13,11.02
-,-,11.14,11.03
-,-,11.16,11.04
-,-,11.17,11.06
-,-,11.18,11.07
-,-,11.19,11.09
-,-,11.21,11.10
-,-,11.22,11.11
-,-,11.23,11.13
-,-,11.24,11.15
-,-,11.25,11.16
-,-,11.26,11.17
-,-,11.28,11.19
-,-,11.29,11.20
-,-,11.30,11.22
-,-,11.31,11.23
R,5,11.33,11.24
L,20,11.34,11.25
-,-,11.36,11.27
-,-,11.37,11.28
-,-,11.39,11.29
-,-,11.40,11.30
-,-,11.42,11.31
-,-,11.43,11.32
-,-,11.45,11.33
-,-,11.46,11.35
-,-,11.47,11.36
-,-,11.49,11.38
-,-,11.50,11.39
-,-,11.51,11.40
-,-,11.52,11.42
-,-,11.53,11.43
-,-,11.55,11.45
-,-,11.56,11.46
-,-,11.57,11.48
-,-,11.58,11.49
-,-,11.59,11.51
-,-,11.60,11.52
-,-,11.61,11.53
-,-,11.62,11.54
-,-,11.64,11.55
-,-,11.65,11.56
-,-,11.67,11.57
-,-,11.68,11.58
C,4,11.69,11.59
-,-,11.71,11.60
-,-,11.72,11.60
-,-,11.74,11.61
-,-,11.75,11.63
-,-,11.77,11.64
-,-,11.78,11.65
-,-,11.79,11.66
-,-,11.80,11.68
-,-,11.81,11.69
-,-,11.82,11.70
-,-,11.83,11.72
-,-,11.84,11.73
-,-,11.85,11.75
-,-,11.86,11.76
-,-,11.87,11.78
-,-,11.88,11.79
-,-,11.89,11.81
-,-,11.91,11.82
-,-,11.92,11.83
-,-,11.93,11.84
-,-,11.95,11.85
-,-,11.96,11.86
-,-,11.98,11.87
-,-,11.99,11.89
-,-,12.01,11.90
-,-,12.02,11.91
-,-,12.04,11.92
-,-,12.05,11.94
-,-,12.07,11.95
-,-,12.08,11.96
L,21,12.09,11.98
R,6,12.11,11.99
-,-,12.12,12.01
-,-,12.13,12.02
-,-,12.15,12.04
-,-,12.16,12.05
-,-,12.17,12.07
-,-,12.18,12.08
-,-,12.20,12.10
-,-,12.21,12.11
-,-,12.22,12.13
-,-,12.24,12.14
-,-,12.25,12.15
-,-,12.27,12.17
-,-,12.28,12.18
-,-,12.30,12.19
-,-,12.32,12.20
-,-,12.33,12.21
-,-,12.35,12.23
-,-,12.36,12.24
-,-,12.38,12.25
-,-,12.39,12.27
-,-,12.40,12.28
L,22,12.41,12.30
-,-,12.42,12.31
-,-,12.43,12.33
-,-,12.44,12.34
-,-,12.45,12.36
-,-,12.45,12.37
-,-,12.45,12.39
-,-,12.46,12.40
-,-,12.46,12.42
-,-,12.47,12.44
-,-,12.47,12.45
-,-,12.48,12.47
-,-,12.49,12.48
-,-,12.49,12.50
-,-,12.50,12.51
-,-,12.51,12.53
-,-,12.52,12.54
-,-,12.52,12.56
-,-,12.53,12.57
-,-,12.53,12.59
-,-,12.54,12.61
-,-,12.54,12.62
-,-,12.55,12.64
L,23,12.55,12.65
-,-,12.56,12.67
-,-,12.57,12.68
-,-,12.58,12.70
-,-,12.59,12.71
-,-,12.60,12.72
-,-,12.62,12.74
-,-,12.63,12.75
-,-,12.64,12.76
-,-,12.66,12.77
-,-,12.67,12.78
-,-,12.68,12.80
-,-,12.69,12.81
-,-,12.70,12.82
-,-,12.71,12.83
-,-,12.73,12.85
-,-,12.74,12.86
-,-,12.75,12.87
-,-,12.77,12.88
L,24,12.78,12.89
-,-,12.79,12.89
-,-,12.81,12.90
-,-,12.82,12.91
-,-,12.84,12.92
-,-,12.85,12.93
-,-,12.87,12.93
-,-,12.88,12.94
-,-,12.90,12.95
-,-,12.91,12.96
-,-,12.93,12.97
-,-,12.94,12.98
-,-,12.96,12.99
-,-,12.97,12.99
-,-,12.99,13.00
-,-,13.01,13.00
-,-,13.02,13.00
-,-,13.04,13.01
-,-,13.05,13.01
-,-,13.07,13.01
-,-,13.08,13.02
-,-,13.10,13.02
-,-,13.11,13.03
-,-,13.13,13.04
-,-,13.15,13.05
-,-,13.16,13.06
-,-,13.18,13.07
-,-,13.19,13.08
-,-,13.21,13.09
-,-,13.22,13.10
-,-,13.24,13.10
-,-,13.25,13.11
-,-,13.27,13.11
-,-,13.28,13.12
-,-,13.30,13.12
-,-,13.32,13.13
-,-,13.33,13.13
-,-,13.35,13.13
-,-,13.36,13.13
-,-,13.38,13.14
-,-,13.39,13.14
-,-,13.41,13.15
-,-,13.43,13.15
-,-,13.44,13.16
-,-,13.46,13.17
-,-,13.47,13.17
-,-,13.49,13.18
-,-,13.50,13.19
-,-,13.52,13.20
-,-,13.53,13.21
-,-,13.55,13.22
L,25,13.57,13.23
-,-,13.58,13.24
-,-,13.60,13.25
-,-,13.61,13.26
-,-,13.63,13.27
-,-,13.64,13.28
-,-,13.66,13.30
-,-,13.67,13.31
-,-,13.69,13.32
-,-,13.71,13.33
-,-,13.72,13.35
-,-,13.74,13.36
-,-,13.75,13.38
-,-,13.77,13.39
-,-,13.78,13.41
-,-,13.80,13.42
-,-,13.81,13.44
-,-,13.83,13.45
-,-,13.84,13.47
-,-,13.86,13.48
-,-,13.87,13.50
-,-,13.89,13.51
-,-,13.90,13.53
-,-,13.92,13.55
-,-,13.93,13.56
-,-,13.95,13.58
-,-,13.96,13.59
-,-,13.98,13.61
-,-,14.00,13.62
-,-,14.01,13.64
-,-,14.03,13.65
-,-,14.04,13.67
-,-,14.06,13.69
-,-,14.07,13.70
-,-,14.09,13.72
-,-,14.11,13.73
-,-,14.12,13.75
-,-,14.14,13.76
L,26,14.16,13.78
-,-,14.17,13.79
-,-,14.19,13.80
-,-,14.20,13.81
-,-,14.22,13.82
-,-,14.24,13.82
-,-,14.25,13.83
-,-,14.27,13.83
-,-,14.29,13.83
-,-,14.30,13.84
-,-,14.32,13.84
-,-,14.34,13.84
-,-,14.35,13.84
-,-,14.37,13.85
-,-,14.39,13.85
-,-,14.40,13.85
-,-,14.42,13.86
-,-,14.44,13.86
-,-,14.45,13.87
-,-,14.46,13.88
-,-,14.48,13.89
-,-,14.49,13.90
-,-,14.50,13.92
L,27,14.51,13.93
-,-,14.53,13.94
-,-,14.54,13.96
-,-,14.55,13.97
-,-,14.57,13.98
-,-,14.58,13.99
-,-,14.60,14.01
-,-,14.61,14.02
-,-,14.63,14.03
-,-,14.65,14.04
-,-,14.66,14.05
-,-,14.68,14.06
-,-,14.69,14.07
-,-,14.71,14.08
-,-,14.72,14.09
-,-,14.74,14.10
-,-,14.75,14.12
-,-,14.76,14.13
-,-,14.77,14.14
-,-,14.78,14.16
-,-,14.80,14.17
-,-,14.81,14.18
-,-,14.82,14.20
-,-,14.83,14.21
-,-,14.84,14.23
-,-,14.85,14.24
-,-,14.86,14.26
-,-,14.87,14.27
-,-,14.89,14.28
-,-,14.90,14.29
-,-,14.92,14.30
-,-,14.93,14.31
-,-,14.94,14.32
-,-,14.96,14.33
-,-,14.97,14.34
-,-,14.98,14.35
-,-,14.99,14.36
-,-,15.01,14.37
-,-,15.02,14.39
-,-,15.03,14.40
-,-,15.04,14.42
-,-,15.05,14.43
-,-,15.06,14.44
-,-,15.08,14.46
-,-,15.09,14.47
-,-,15.10,14.49
-,-,15.11,14.50
-,-,15.12,14.51
-,-,15.13,14.53
-,-,15.15,14.54
-,-,15.16,14.55
-,-,15.17,14.57
-,-,15.19,14.58
-,-,15.20,14.59
R,7,15.21,14.60
L,28,15.23,14.61
-,-,15.24,14.62
-,-,15.26,14.62
-,-,15.27,14.63
-,-,15.29,14.64
-,-,15.30,14.65
-,-,15.31,14.66
-,-,15.33,14.68
-,-,15.34,14.69
-,-,15.35,14.70
-,-,15.36,14.72
-,-,15.37,14.73
-,-,15.38,14.74
-,-,15.39,14.76
-,-,15.40,14.77
-,-,15.41,14.79
-,-,15.42,14.80
-,-,15.43,14.82
-,-,15.44,14.83
-,-,15.46,14.84
-,-,15.47,14.86
-,-,15.48,14.87
-,-,15.50,14.88
-,-,15.51,14.89
-,-,15.53,14.90
-,-,15.54,14.92
-,-,15.56,14.93
-,-,15.57,14.94
-,-,15.59,14.95
-,-,15.60,14.96
-,-,15.62,14.98
L,29,15.63,14.99
R,8,15.65,15.01
-,-,15.66,15.02
-,-,15.67,15.04
-,-,15.68,15.05
-,-,15.69,15.07
-,-,15.71,15.08
-,-,15.72,15.10
-,-,15.74,15.11
-,-,15.75,15.13
-,-,15.77,15.14
-,-,15.78,15.16
-,-,15.80,15.17
-,-,15.81,15.18
-,-,15.83,15.20
-,-,15.84,15.21
-,-,15.86,15.22
-,-,15.87,15.24
-,-,15.89,15.25
-,-,15.90,15.26
-,-,15.92,15.28
-,-,15.93,15.29
-,-,15.94,15.31
-,-,15.96,15.32
-,-,15.97,15.33
C,5,15.99,15.35
-,-,16.00,15.36
-,-,16.02,15.38
-,-,16.03,15.39
-,-,16.04,15.41
-,-,16.06,15.43
-,-,16.07,15.44
-,-,16.09,15.45
-,-,16.10,15.47
-,-,16.12,15.48
-,-,16.14,15.50
-,-,16.15,15.51
-,-,16.17,15.53
-,-,16.18,15.54
-,-,16.20,15.56
-,-,16.21,15.58
-,-,16.23,15.59
-,-,16.24,15.61
-,-,16.26,15.62
-,-,16.27,15.64
-,-,16.29,15.66
-,-,16.30,15.67
-,-,16.32,15.69
-,-,16.33,15.70
-,-,16.35,15.72
-,-,16.36,15.73
-,-,16.38,15.75
-,-,16.39,15.76
-,-,16.41,15.78
-,-,16.43,15.79
-,-,16.44,15.81
-,-,16.46,15.82
-,-,16.47,15.83
-,-,16.49,15.85
-,-,16.51,15.86
-,-,16.52,15.88
-,-,16.54,15.89
-,-,16.55,15.91
-,-,16.57,15.92
-,-,16.58,15.94
-,-,16.60,15.95
-,-,16.61,15.97
-,-,16.62,15.98
-,-,16.64,16.00
-,-,16.65,16.02
-,-,16.67,16.03
-,-,16.68,16.05
-,-,16.69,16.06
-,-,16.71,16.08
-,-,16.72,16.09
-,-,16.74,16.11
-,-,16.76,16.12
-,-,16.77,16.14
-,-,16.79,16.15
-,-,16.80,16.16
-,-,16.82,16.18
-,-,16.84,16.19
-,-,16.85,16.20
-,-,16.87,16.22
C,6,16.88,16.23
-,-,16.90,16.25
-,-,16.91,16.26
-,-,16.93,16.28
-,-,16.94,16.29
-,-,16.96,16.31
-,-,16.98,16.33
-,-,16.99,16.34
-,-,17.01,16.36
-,-,17.02,16.37
-,-,17.04,16.39
-,-,17.05,16.41
-,-,17.07,16.42
-,-,17.08,16.44
-,-,17.10,16.45
-,-,17.11,16.47
-,-,17.13,16.48
-,-,17.14,16.50
-,-,17.16,16.51
-,-,17.17,16.52
-,-,17.19,16.54
-,-,17.20,16.55
-,-,17.22,16.56
-,-,17.23,16.58
-,-,17.25,16.59
-,-,17.26,16.61
-,-,17.27,16.62
L,30,17.28,16.64
-,-,17.29,16.66
-,-,17.30,16.67
-,-,17.31,16.69
-,-,17.32,16.70
-,-,17.33,16.72
-,-,17.33,16.73
-,-,17.34,16.75
-,-,17.34,16.77
-,-,17.34,16.78
-,-,17.35,16.80
-,-,17.35,16.81
-,-,17.35,16.83
-,-,17.35,16.85
-,-,17.36,16.86
-,-,17.36,16.88
-,-,17.37,16.89
-,-,17.38,16.91
-,-,17.38,16.92
-,-,17.39,16.94
L,31,17.40,16.95
-,-,17.41,16.97
-,-,17.42,16.98
-,-,17.43,17.00
-,-,17.45,17.02
-,-,17.46,17.03
-,-,17.47,17.05
-,-,17.49,17.06
-,-,17.50,17.08
-,-,17.51,17.09
-,-,17.53,17.11
-,-,17.54,17.13
-,-,17.56,17.14
-,-,17.57,17.16
-,-,17.58,17.17
-,-,17.59,17.19
-,-,17.60,17.21
-,-,17.61,17.22
L,32,17.62,17.24
-,-,17.63,17.25
-,-,17.64,17.27
-,-,17.64,17.29
-,-,17.65,17.30
-,-,17.65,17.32
-,-,17.65,17.33
-,-,17.65,17.35
-,-,17.66,17.37
-,-,17.66,17.38
-,-,17.67,17.40
-,-,17.67,17.41
-,-,17.67,17.43
-,-,17.68,17.44
-,-,17.68,17.46
-,-,17.69,17.47
-,-,17.70,17.49
-,-,17.70,17.50
-,-,17.71,17.52
L,33,17.72,17.53
-,-,17.73,17.55
-,-,17.74,17.56
-,-,17.76,17.58
-,-,17.77,17.59
-,-,17.78,17.61
-,-,17.80,17.62
-,-,17.81,17.63
-,-,17.82,17.65
-,-,17.84,17.66
-,-,17.85,17.67
-,-,17.86,17.69
-,-,17.87,17.70
-,-,17.88,17.72
-,-,17.89,17.73
-,-,17.90,17.74
-,-,17.92,17.74
-,-,17.93,17.75
-,-,17.94,17.76
-,-,17.96,17.77
-,-,17.97,17.78
L,34,17.98,17.80
-,-,17.98,17.81
-,-,17.99,17.82
-,-,18.00,17.83
-,-,18.00,17.85
-,-,18.00,17.86
-,-,18.01,17.88
-,-,18.01,17.89
-,-,18.01,17.91
-,-,18.01,17.92
-,-,18.01,17.94
-,-,18.02,17.95
-,-,18.02,17.97
-,-,18.02,17.98
-,-,18.03,18.00
-,-,18.04,18.01
-,-,18.04,18.03
-,-,18.05,18.04
-,-,18.06,18.06
-,-,18.07,18.07
-,-,18.07,18.09
L,35,18.08,18.10
-,-,18.09,18.12
-,-,18.10,18.13
-,-,18.11,18.15
-,-,18.11,18.16
-,-,18.12,18.18
-,-,18.13,18.20
-,-,18.14,18.21
-,-,18.15,18.23
-,-,18.16,18.24
-,-,18.18,18.26
-,-,18.19,18.27
-,-,18.20,18.28
-,-,18.21,18.29
-,-,18.23,18.31
-,-,18.24,18.32
-,-,18.26,18.32
-,-,18.27,18.33
-,-,18.29,18.34
-,-,18.30,18.35
-,-,18.31,18.36
-,-,18.33,18.38
-,-,18.34,18.39
-,-,18.35,18.40
-,-,18.36,18.42
-,-,18.37,18.43
-,-,18.38,18.44
-,-,18.39,18.46
-,-,18.40,18.47
-,-,18.41,18.48
C,7,18.42,18.50
-,-,18.43,18.51
-,-,18.44,18.53
-,-,18.45,18.54
-,-,18.46,18.55
-,-,18.48,18.56
-,-,18.49,18.58
-,-,18.50,18.59
-,-,18.52,18.60
-,-,18.53,18.61
-,-,18.55,18.62
-,-,18.56,18.63
-,-,18.58,18.63
-,-,18.59,18.64
-,-,18.61,18.65
-,-,18.62,18.66
-,-,18.63,18.67
-,-,18.65,18.69
-,-,18.66,18.70
-,-,18.67,18.71
-,-,18.68,18.73
-,-,18.69,18.74
-,-,18.70,18.76
-,-,18.71,18.77
-,-,18.72,18.79
-,-,18.73,18.80
-,-,18.74,18.82
-,-,18.75,18.83
-,-,18.76,18.85
-,-,18.77,18.86
L,36,18.79,18.88
-,-,18.80,18.89
-,-,18.81,18.91
-,-,18.81,18.92
-,-,18.82,18.94
-,-,18.83,18.95
-,-,18.84,18.97
-,-,18.84,18.99
-,-,18.85,19.00
-,-,18.86,19.02
-,-,18.86,19.03
-,-,18.87,19.05
-,-,18.87,19.06
-,-,18.87,19.08
-,-,18.88,19.09
-,-,18.88,19.11
-,-,18.88,19.12
-,-,18.88,19.14
-,-,18.89,19.15
-,-,18.89,19.17
-,-,18.89,19.18
-,-,18.89,19.20
-,-,18.90,19.21
L,37,18.90,19.23
-,-,18.91,19.24
-,-,18.92,19.26
-,-,18.93,19.27
-,-,18.94,19.28
-,-,18.96,19.29
-,-,18.97,19.30
-,-,18.98,19.30
-,-,19.00,19.31
-,-,19.01,19.32
-,-,19.03,19.32
-,-,19.04,19.33
-,-,19.06,19.34
-,-,19.07,19.35
-,-,19.08,19.36
-,-,19.10,19.37
-,-,19.11,19.38
-,-,19.12,19.40
-,-,19.13,19.41
-,-,19.13,19.42
-,-,19.14,19.44
-,-,19.15,19.45
-,-,19.16,19.47
-,-,19.17,19.48
-,-,19.18,19.49
L,38,19.19,19.50
-,-,19.20,19.51
-,-,19.22,19.51
-,-,19.23,19.52
-,-,19.25,19.52
-,-,19.26,19.53
-,-,19.27,19.53
-,-,19.29,19.53
-,-,19.30,19.53
-,-,19.32,19.54
-,-,19.33,19.54
-,-,19.35,19.54
-,-,19.37,19.54
-,-,19.38,19.54
-,-,19.40,19.54
-,-,19.41,19.54
-,-,19.43,19.54
-,-,19.44,19.55
-,-,19.46,19.55
-,-,19.47,19.56
-,-,19.49,19.56
-,-,19.50,19.57
L,39,19.51,19.58
-,-,19.52,19.60
-,-,19.53,19.61
-,-,19.54,19.62
-,-,19.55,19.63
-,-,19.56,19.65
-,-,19.57,19.66
-,-,19.59,19.67
-,-,19.60,19.68
-,-,19.61,19.69
-,-,19.63,19.70
-,-,19.64,19.71
-,-,19.66,19.72
-,-,19.67,19.73
-,-,19.69,19.74
-,-,19.70,19.75
-,-,19.71,19.76
-,-,19.72,19.77
-,-,19.73,19.79
-,-,19.74,19.80
-,-,19.75,19.82
-,-,19.76,19.83
-,-,19.77,19.84
-,-,19.78,19.86
-,-,19.79,19.87
-,-,19.81,19.88
-,-,19.82,19.89
-,-,19.84,19.90
-,-,19.85,19.91
-,-,19.87,19.92
-,-,19.88,19.93
-,-,19.90,19.94
-,-,19.91,19.95
-,-,19.92,19.96
-,-,19.94,19.97
-,-,19.95,19.98
-,-,19.96,20.00
-,-,19.96,20.01
-,-,19.97,20.02
-,-,19.98,20.04
-,-,19.99,20.05
-,-,20.00,20.07
-,-,20.01,20.08
-,-,20.02,20.09
-,-,20.03,20.10
-,-,20.04,20.12
-,-,20.06,20.13
L,40,20.07,20.13
-,-,20.09,20.14
-,-,20.10,20.15
-,-,20.12,20.15
-,-,20.13,20.15
-,-,20.15,20.16
-,-,20.16,20.16
-,-,20.18,20.16
-,-,20.19,20.17
-,-,20.21,20.17
-,-,20.23,20.17
-,-,20.24,20.18
-,-,20.26,20.19
-,-,20.27,20.19
-,-,20.29,20.20
-,-,20.31,20.20
-,-,20.32,20.21
-,-,20.34,20.22
-,-,20.36,20.22
-,-,20.37,20.23
-,-,20.39,20.23
-,-,20.40,20.24
-,-,20.42,20.25
-,-,20.43,20.26
L,41,20.45,20.27
-,-,20.46,20.28
-,-,20.48,20.30
-,-,20.49,20.31
-,-,20.50,20.32
-,-,20.52,20.34
-,-,20.53,20.35
-,-,20.54,20.37
-,-,20.56,20.38
-,-,20.57,20.39
-,-,20.58,20.41
-,-,20.60,20.42
-,-,20.61,20.43
-,-,20.63,20.45
-,-,20.64,20.46
-,-,20.66,20.47
-,-,20.67,20.49
-,-,20.69,20.50
-,-,20.70,20.51
R,9,20.72,20.53
-,-,20.73,20.54
-,-,20.75,20.55
-,-,20.77,20.56
-,-,20.78,20.57
-,-,20.79,20.59
-,-,20.81,20.60
-,-,20.82,20.62
-,-,20.83,20.63
-,-,20.84,20.65
-,-,20.86,20.66
-,-,20.87,20.68
-,-,20.87,20.69
-,-,20.89,20.71
-,-,20.90,20.72
-,-,20.91,20.74
-,-,20.92,20.75
-,-,20.93,20.76
-,-,20.95,20.78
-,-,20.96,20.79
-,-,20.98,20.80
-,-,20.99,20.80
-,-,21.01,20.81
-,-,21.02,20.82
-,-,21.04,20.84
-,-,21.05,20.85
-,-,21.07,20.86
-,-,21.08,20.88
-,-,21.09,20.89
-,-,21.10,20.91
-,-,21.11,20.92
-,-,21.12,20.93
-,-,21.13,20.95
-,-,21.14,20.96
-,-,21.15,20.98
-,-,21.17,20.99
-,-,21.18,21.00
-,-,21.20,21.01
-,-,21.21,21.02
-,-,21.23,21.03
-,-,21.24,21.04
-,-,21.26,21.05
-,-,21.27,21.06
-,-,21.28,21.08
-,-,21.30,21.09
-,-,21.31,21.11
-,-,21.32,21.12
-,-,21.33,21.14
-,-,21.34,21.15
-,-,21.36,21.16
-,-,21.37,21.18
-,-,21.38,21.19
-,-,21.39,21.21
-,-,21.40,21.22
-,-,21.41,21.23
-,-,21.42,21.24
-,-,21.43,21.25
-,-,21.45,21.26
-,-,21.46,21.27
-,-,21.47,21.28
-,-,21.49,21.29
-,-,21.50,21.30
Robot Paused
speed: 50.00	 kp: 0.03	 kd: 0.00	 
Time Lap: 	21.63s	Track Length: 	 21.40m	Medium Speed: 	 0.99m/s
