Sloth FirmwareMaple Mini
v0.75
Calibrating sensors...Done.
-,-,0.00,0.00
-,-,0.00,0.00
-,-,0.00,0.00
-,-,0.00,0.00
-,-,0.00,0.00
-,-,0.00,0.00
-,-,0.00,0.00
-,-,0.00,0.00
-,-,0.00,0.00
-,-,0.00,0.00
-,-,0.00,0.00
-,-,0.00,0.00
-,-,0.00,0.00
-,-,0.00,0.00
-,-,0.00,0.00
-,-,0.00,0.00
-,-,0.00,0.00
-,-,0.00,0.00
-,-,0.00,0.00
-,-,0.00,0.00
-,-,0.00,0.00
-,-,0.00,0.00
-,-,0.00,0.00
-,-,0.00,0.00
-,-,0.00,0.00
-,-,0.00,0.00
-,-,0.00,0.00
-,-,0.00,0.00
-,-,0.00,0.00
-,-,0.00,0.00
-,-,0.00,0.00
-,-,0.00,0.00
-,-,0.00,0.00
-,-,0.00,0.00
-,-,0.00,0.00
-,-,0.00,0.00
-,-,0.00,0.00
-,-,0.00,0.00
-,-,0.00,0.00
-,-,0.00,0.00
-,-,0.00,0.00
-,-,0.00,0.00
-,-,0.00,0.00
-,-,0.00,0.00
-,-,0.00,0.00
-,-,0.00,0.00
-,-,0.00,0.00
-,-,0.00,0.00
-,-,0.00,0.00
-,-,0.00,0.00
-,-,0.00,0.00
-,-,0.00,0.00
-,-,0.00,0.00
-,-,0.00,0.00
-,-,0.00,0.00
-,-,0.00,0.00
-,-,0.00,0.00
-,-,0.00,0.00
-,-,0.00,0.00
-,-,0.00,0.00
-,-,0.00,0.00
R,1,0.01,0.00
-,-,0.02,0.02
-,-,0.04,0.03
-,-,0.06,0.05
-,-,0.07,0.06
-,-,0.09,0.08
-,-,0.10,0.10
-,-,0.12,0.11
-,-,0.13,0.13
-,-,0.15,0.14
-,-,0.16,0.16
-,-,0.18,0.18
-,-,0.19,0.19
-,-,0.20,0.21
-,-,0.22,0.23
-,-,0.24,0.24
-,-,0.25,0.26
-,-,0.27,0.27
-,-,0.28,0.29
-,-,0.30,0.30
-,-,0.32,0.32
-,-,0.33,0.33
-,-,0.35,0.35
-,-,0.37,0.36
-,-,0.38,0.38
-,-,0.40,0.39
-,-,0.42,0.41
-,-,0.44,0.43
-,-,0.45,0.44
-,-,0.47,0.46
-,-,0.49,0.47
-,-,0.50,0.49
-,-,0.52,0.51
-,-,0.53,0.52
-,-,0.54,0.54
-,-,0.56,0.56
-,-,0.57,0.57
-,-,0.59,0.59
-,-,0.61,0.60
-,-,0.62,0.62
-,-,0.64,0.64
-,-,0.65,0.65
-,-,0.67,0.67
-,-,0.69,0.68
-,-,0.70,0.70
-,-,0.72,0.72
-,-,0.74,0.73
-,-,0.75,0.75
-,-,0.77,0.76
-,-,0.79,0.78
-,-,0.81,0.79
-,-,0.82,0.81
-,-,0.84,0.82
-,-,0.85,0.84
-,-,0.87,0.85
-,-,0.88,0.87
-,-,0.90,0.88
-,-,0.92,0.90
-,-,0.93,0.92
-,-,0.94,0.93
-,-,0.96,0.95
-,-,0.97,0.97
-,-,0.99,0.98
-,-,1.00,1.00
-,-,1.02,1.02
-,-,1.03,1.03
-,-,1.05,1.05
-,-,1.07,1.06
-,-,1.08,1.08
-,-,1.10,1.09
-,-,1.12,1.11
-,-,1.13,1.12
-,-,1.15,1.14
-,-,1.17,1.15
-,-,1.19,1.17
-,-,1.20,1.18
-,-,1.22,1.20
-,-,1.24,1.21
-,-,1.25,1.23
-,-,1.26,1.24
-,-,1.28,1.26
-,-,1.29,1.27
-,-,1.31,1.29
-,-,1.32,1.31
-,-,1.33,1.32
-,-,1.35,1.34
-,-,1.36,1.35
-,-,1.37,1.37
-,-,1.39,1.39
-,-,1.40,1.40
-,-,1.42,1.42
-,-,1.44,1.43
-,-,1.45,1.45
-,-,1.47,1.46
-,-,1.49,1.48
-,-,1.50,1.49
-,-,1.52,1.50
-,-,1.54,1.52
-,-,1.55,1.53
-,-,1.57,1.55
-,-,1.59,1.56
-,-,1.60,1.58
-,-,1.62,1.59
-,-,1.63,1.61
-,-,1.65,1.63
-,-,1.66,1.64
-,-,1.68,1.66
-,-,1.69,1.68
-,-,1.70,1.69
-,-,1.72,1.71
-,-,1.73,1.73
-,-,1.75,1.74
-,-,1.77,1.76
-,-,1.78,1.77
-,-,1.80,1.79
-,-,1.82,1.80
L,1,1.83,1.81
-,-,1.85,1.82
-,-,1.87,1.83
-,-,1.88,1.84
-,-,1.90,1.85
-,-,1.92,1.85
-,-,1.94,1.86
-,-,1.95,1.86
-,-,1.97,1.86
-,-,1.99,1.87
-,-,2.00,1.87
-,-,2.02,1.87
-,-,2.04,1.87
-,-,2.06,1.88
-,-,2.07,1.88
-,-,2.09,1.88
-,-,2.11,1.89
-,-,2.12,1.90
L,2,2.14,1.91
-,-,2.16,1.92
-,-,2.17,1.94
-,-,2.19,1.95
-,-,2.20,1.96
-,-,2.22,1.98
-,-,2.24,1.99
-,-,2.25,2.00
L,3,2.27,2.01
-,-,2.29,2.02
-,-,2.30,2.03
-,-,2.32,2.03
-,-,2.34,2.04
-,-,2.35,2.04
-,-,2.37,2.04
-,-,2.39,2.05
-,-,2.41,2.05
-,-,2.42,2.05
-,-,2.44,2.05
-,-,2.46,2.05
-,-,2.47,2.06
-,-,2.49,2.06
-,-,2.51,2.06
-,-,2.52,2.06
-,-,2.54,2.07
-,-,2.56,2.07
-,-,2.57,2.08
-,-,2.59,2.09
L,4,2.60,2.10
-,-,2.61,2.11
-,-,2.62,2.13
-,-,2.62,2.14
-,-,2.63,2.15
-,-,2.63,2.17
-,-,2.63,2.18
-,-,2.63,2.20
-,-,2.63,2.21
-,-,2.64,2.23
-,-,2.64,2.24
-,-,2.64,2.26
-,-,2.64,2.28
-,-,2.64,2.29
-,-,2.64,2.31
-,-,2.64,2.32
-,-,2.65,2.34
-,-,2.65,2.35
-,-,2.66,2.37
-,-,2.67,2.38
-,-,2.68,2.40
-,-,2.69,2.41
-,-,2.70,2.43
-,-,2.71,2.44
-,-,2.71,2.46
-,-,2.72,2.48
-,-,2.72,2.49
-,-,2.72,2.51
-,-,2.73,2.52
-,-,2.73,2.54
-,-,2.73,2.56
-,-,2.73,2.57
-,-,2.73,2.59
-,-,2.73,2.60
-,-,2.73,2.62
-,-,2.73,2.64
-,-,2.73,2.65
-,-,2.74,2.67
-,-,2.74,2.68
-,-,2.75,2.69
L,6,2.76,2.70
-,-,2.77,2.71
-,-,2.79,2.72
-,-,2.80,2.73
-,-,2.81,2.73
-,-,2.83,2.74
-,-,2.84,2.74
-,-,2.86,2.74
-,-,2.87,2.75
-,-,2.89,2.75
-,-,2.90,2.75
-,-,2.92,2.76
-,-,2.93,2.76
-,-,2.95,2.77
-,-,2.97,2.78
-,-,2.98,2.79
-,-,3.00,2.80
-,-,3.01,2.80
-,-,3.03,2.81
-,-,3.05,2.81
-,-,3.06,2.82
-,-,3.08,2.82
-,-,3.10,2.83
-,-,3.11,2.83
-,-,3.13,2.83
-,-,3.15,2.83
-,-,3.17,2.83
-,-,3.18,2.83
-,-,3.20,2.84
-,-,3.22,2.84
-,-,3.23,2.84
-,-,3.25,2.84
-,-,3.27,2.85
-,-,3.28,2.85
-,-,3.30,2.86
-,-,3.32,2.87
-,-,3.33,2.88
-,-,3.35,2.89
L,7,3.36,2.90
-,-,3.38,2.91
-,-,3.39,2.93
-,-,3.40,2.94
-,-,3.41,2.96
-,-,3.41,2.97
-,-,3.42,2.99
-,-,3.42,3.00
-,-,3.43,3.02
-,-,3.43,3.03
-,-,3.43,3.05
-,-,3.43,3.06
-,-,3.43,3.08
-,-,3.44,3.09
-,-,3.44,3.11
-,-,3.44,3.13
-,-,3.45,3.14
-,-,3.46,3.16
-,-,3.46,3.17
-,-,3.47,3.19
-,-,3.48,3.20
-,-,3.49,3.22
-,-,3.50,3.23
-,-,3.50,3.25
-,-,3.51,3.26
-,-,3.51,3.28
-,-,3.51,3.30
-,-,3.51,3.31
-,-,3.51,3.33
-,-,3.52,3.34
-,-,3.52,3.36
-,-,3.52,3.38
-,-,3.52,3.39
-,-,3.52,3.41
-,-,3.52,3.42
-,-,3.52,3.44
-,-,3.53,3.45
-,-,3.54,3.47
-,-,3.55,3.48
-,-,3.56,3.50
-,-,3.57,3.51
-,-,3.58,3.51
-,-,3.60,3.52
-,-,3.61,3.53
-,-,3.63,3.53
-,-,3.64,3.54
-,-,3.66,3.54
-,-,3.67,3.54
-,-,3.69,3.55
-,-,3.70,3.55
-,-,3.72,3.55
-,-,3.74,3.56
-,-,3.75,3.57
-,-,3.77,3.57
-,-,3.79,3.58
-,-,3.80,3.59
-,-,3.82,3.60
-,-,3.83,3.61
L,8,3.85,3.62
-,-,3.87,3.63
-,-,3.88,3.64
-,-,3.90,3.65
-,-,3.92,3.66
-,-,3.93,3.67
-,-,3.95,3.68
-,-,3.97,3.70
-,-,3.99,3.71
-,-,4.00,3.73
-,-,4.02,3.74
L,9,4.04,3.76
-,-,4.05,3.77
-,-,4.07,3.78
-,-,4.09,3.79
-,-,4.11,3.81
-,-,4.12,3.82
-,-,4.14,3.83
-,-,4.16,3.84
-,-,4.17,3.84
-,-,4.19,3.85
-,-,4.21,3.86
-,-,4.23,3.87
-,-,4.24,3.88
-,-,4.26,3.89
-,-,4.28,3.90
-,-,4.30,3.92
-,-,4.31,3.93
-,-,4.33,3.94
-,-,4.35,3.96
-,-,4.36,3.97
-,-,4.38,3.99
-,-,4.40,4.00
-,-,4.42,4.01
-,-,4.43,4.03
-,-,4.45,4.04
-,-,4.47,4.06
-,-,4.49,4.07
-,-,4.50,4.08
-,-,4.52,4.09
-,-,4.54,4.11
-,-,4.56,4.12
-,-,4.57,4.13
-,-,4.59,4.14
-,-,4.61,4.15
-,-,4.63,4.16
-,-,4.64,4.17
-,-,4.66,4.18
-,-,4.68,4.19
-,-,4.70,4.20
-,-,4.71,4.21
-,-,4.73,4.22
-,-,4.74,4.24
-,-,4.75,4.25
-,-,4.77,4.27
-,-,4.78,4.28
-,-,4.79,4.30
-,-,4.81,4.31
L,10,4.82,4.33
-,-,4.84,4.34
-,-,4.85,4.35
-,-,4.87,4.37
-,-,4.89,4.38
-,-,4.90,4.39
-,-,4.92,4.40
-,-,4.94,4.42
-,-,4.95,4.43
-,-,4.97,4.44
-,-,4.99,4.46
-,-,5.00,4.47
-,-,5.02,4.48
-,-,5.03,4.50
-,-,5.05,4.51
-,-,5.06,4.53
-,-,5.07,4.55
-,-,5.09,4.56
-,-,5.10,4.58
-,-,5.11,4.59
-,-,5.13,4.61
-,-,5.14,4.62
-,-,5.15,4.64
-,-,5.17,4.66
-,-,5.18,4.67
-,-,5.20,4.69
-,-,5.22,4.70
-,-,5.23,4.72
-,-,5.25,4.73
-,-,5.26,4.75
-,-,5.28,4.76
-,-,5.30,4.77
-,-,5.31,4.79
-,-,5.33,4.80
-,-,5.35,4.82
-,-,5.36,4.83
-,-,5.38,4.85
-,-,5.40,4.86
-,-,5.41,4.88
-,-,5.43,4.90
-,-,5.44,4.91
-,-,5.46,4.93
-,-,5.47,4.94
-,-,5.49,4.96
-,-,5.50,4.98
-,-,5.51,4.99
-,-,5.53,5.01
-,-,5.54,5.03
-,-,5.56,5.04
-,-,5.57,5.06
-,-,5.59,5.07
-,-,5.61,5.09
-,-,5.62,5.10
L,11,5.64,5.11
-,-,5.66,5.12
-,-,5.67,5.13
-,-,5.69,5.14
-,-,5.71,5.14
-,-,5.73,5.15
-,-,5.74,5.15
-,-,5.76,5.16
-,-,5.78,5.16
-,-,5.80,5.16
-,-,5.81,5.16
-,-,5.83,5.17
-,-,5.85,5.17
-,-,5.86,5.17
-,-,5.88,5.18
-,-,5.90,5.18
-,-,5.92,5.19
-,-,5.93,5.20
-,-,5.95,5.20
-,-,5.96,5.22
-,-,5.98,5.23
L,12,6.00,5.24
-,-,6.01,5.25
-,-,6.02,5.27
-,-,6.04,5.28
-,-,6.05,5.30
-,-,6.07,5.31
-,-,6.08,5.32
-,-,6.10,5.33
-,-,6.12,5.35
-,-,6.13,5.36
-,-,6.15,5.37
-,-,6.16,5.38
-,-,6.18,5.40
-,-,6.19,5.41
-,-,6.20,5.43
-,-,6.22,5.44
-,-,6.23,5.46
-,-,6.24,5.47
-,-,6.25,5.49
-,-,6.27,5.50
-,-,6.28,5.52
-,-,6.30,5.53
-,-,6.31,5.55
R,2,6.33,5.56
L,13,6.34,5.57
-,-,6.36,5.59
-,-,6.37,5.60
-,-,6.39,5.62
-,-,6.40,5.63
-,-,6.42,5.65
-,-,6.44,5.66
-,-,6.45,5.68
-,-,6.47,5.69
-,-,6.49,5.71
-,-,6.51,5.72
-,-,6.52,5.74
-,-,6.54,5.76
-,-,6.56,5.77
-,-,6.57,5.79
-,-,6.59,5.81
-,-,6.61,5.82
-,-,6.62,5.84
-,-,6.64,5.85
-,-,6.65,5.87
-,-,6.67,5.89
L,14,6.68,5.90
R,3,6.70,5.92
-,-,6.71,5.93
-,-,6.72,5.95
-,-,6.74,5.97
-,-,6.75,5.98
-,-,6.77,6.00
-,-,6.78,6.02
-,-,6.80,6.03
-,-,6.81,6.05
-,-,6.83,6.06
-,-,6.85,6.08
-,-,6.86,6.09
-,-,6.88,6.10
-,-,6.90,6.12
-,-,6.91,6.13
-,-,6.93,6.14
-,-,6.95,6.16
-,-,6.97,6.17
-,-,6.98,6.19
-,-,7.00,6.20
-,-,7.01,6.22
L,15,7.02,6.23
-,-,7.03,6.25
-,-,7.04,6.27
-,-,7.05,6.28
-,-,7.06,6.30
-,-,7.06,6.32
-,-,7.07,6.33
-,-,7.07,6.35
-,-,7.08,6.36
-,-,7.08,6.38
-,-,7.09,6.40
-,-,7.10,6.41
-,-,7.10,6.43
-,-,7.11,6.44
-,-,7.12,6.46
-,-,7.13,6.47
-,-,7.14,6.49
-,-,7.15,6.50
-,-,7.16,6.52
-,-,7.17,6.53
-,-,7.18,6.55
-,-,7.19,6.57
-,-,7.19,6.58
-,-,7.20,6.60
-,-,7.20,6.61
-,-,7.21,6.63
-,-,7.22,6.65
-,-,7.22,6.66
-,-,7.23,6.68
-,-,7.24,6.69
-,-,7.25,6.71
-,-,7.26,6.72
-,-,7.27,6.74
-,-,7.27,6.75
-,-,7.28,6.77
-,-,7.29,6.79
-,-,7.29,6.80
-,-,7.30,6.82
-,-,7.30,6.83
-,-,7.31,6.85
-,-,7.31,6.87
-,-,7.32,6.88
-,-,7.32,6.90
-,-,7.33,6.91
-,-,7.33,6.93
-,-,7.34,6.94
-,-,7.35,6.96
-,-,7.36,6.98
-,-,7.37,6.99
-,-,7.37,7.01
-,-,7.38,7.02
-,-,7.39,7.04
-,-,7.40,7.05
-,-,7.40,7.07
-,-,7.41,7.09
L,16,7.42,7.10
-,-,7.42,7.12
-,-,7.43,7.13
-,-,7.44,7.15
-,-,7.45,7.16
-,-,7.47,7.18
-,-,7.48,7.19
-,-,7.50,7.21
-,-,7.51,7.22
-,-,7.53,7.24
-,-,7.54,7.25
-,-,7.56,7.26
-,-,7.57,7.28
-,-,7.59,7.29
-,-,7.61,7.31
-,-,7.62,7.32
-,-,7.64,7.34
-,-,7.65,7.35
-,-,7.67,7.37
-,-,7.68,7.38
-,-,7.70,7.40
-,-,7.71,7.41
-,-,7.73,7.43
-,-,7.74,7.45
-,-,7.75,7.46
L,17,7.77,7.48
R,4,7.78,7.49
-,-,7.80,7.51
-,-,7.81,7.52
-,-,7.82,7.54
-,-,7.84,7.56
-,-,7.85,7.57
-,-,7.87,7.59
-,-,7.88,7.60
-,-,7.90,7.62
-,-,7.91,7.63
-,-,7.93,7.65
-,-,7.95,7.66
-,-,7.96,7.67
-,-,7.98,7.69
-,-,8.00,7.70
-,-,8.01,7.72
-,-,8.03,7.73
-,-,8.05,7.74
-,-,8.06,7.76
-,-,8.08,7.77
-,-,8.10,7.79
-,-,8.11,7.80
L,18,8.13,7.82
R,5,8.14,7.84
-,-,8.15,7.85
-,-,8.17,7.87
-,-,8.18,7.88
-,-,8.20,7.90
-,-,8.21,7.92
-,-,8.22,7.93
-,-,8.24,7.95
-,-,8.25,7.96
-,-,8.27,7.98
-,-,8.28,8.00
-,-,8.30,8.01
-,-,8.31,8.03
-,-,8.33,8.04
-,-,8.35,8.05
-,-,8.36,8.07
-,-,8.38,8.08
-,-,8.40,8.10
-,-,8.42,8.11
L,19,8.43,8.12
-,-,8.45,8.14
-,-,8.47,8.15
-,-,8.48,8.16
-,-,8.50,8.17
-,-,8.52,8.18
-,-,8.54,8.19
-,-,8.56,8.20
-,-,8.57,8.21
-,-,8.59,8.21
-,-,8.61,8.22
-,-,8.63,8.22
-,-,8.64,8.23
-,-,8.66,8.23
-,-,8.68,8.23
-,-,8.70,8.24
-,-,8.71,8.24
-,-,8.73,8.24
-,-,8.75,8.25
-,-,8.76,8.26
-,-,8.78,8.27
-,-,8.80,8.28
-,-,8.82,8.29
-,-,8.83,8.30
-,-,8.85,8.31
-,-,8.87,8.31
-,-,8.88,8.32
-,-,8.90,8.33
-,-,8.92,8.33
-,-,8.94,8.34
-,-,8.95,8.34
-,-,8.97,8.34
-,-,8.99,8.35
-,-,9.00,8.35
-,-,9.02,8.35
-,-,9.04,8.36
-,-,9.06,8.37
-,-,9.07,8.37
-,-,9.09,8.38
-,-,9.11,8.39
-,-,9.12,8.40
-,-,9.14,8.40
-,-,9.16,8.41
-,-,9.17,8.42
L,20,9.19,8.43
-,-,9.21,8.44
-,-,9.23,8.45
-,-,9.24,8.46
-,-,9.26,8.47
-,-,9.28,8.48
-,-,9.29,8.50
-,-,9.31,8.51
-,-,9.33,8.53
-,-,9.34,8.54
-,-,9.36,8.56
-,-,9.37,8.57
-,-,9.39,8.59
-,-,9.40,8.60
-,-,9.41,8.62
-,-,9.43,8.64
-,-,9.44,8.65
-,-,9.46,8.67
-,-,9.47,8.68
-,-,9.49,8.70
-,-,9.51,8.72
R,6,9.52,8.73
L,21,9.54,8.75
-,-,9.56,8.76
-,-,9.57,8.78
-,-,9.59,8.79
-,-,9.61,8.81
-,-,9.62,8.82
-,-,9.64,8.84
-,-,9.66,8.85
-,-,9.68,8.87
-,-,9.69,8.89
-,-,9.71,8.90
-,-,9.73,8.92
-,-,9.75,8.94
-,-,9.76,8.95
-,-,9.78,8.97
-,-,9.79,8.99
-,-,9.81,9.00
-,-,9.82,9.02
-,-,9.84,9.03
-,-,9.85,9.05
L,22,9.87,9.07
R,7,9.88,9.08
-,-,9.90,9.10
-,-,9.91,9.12
-,-,9.93,9.13
-,-,9.95,9.15
-,-,9.96,9.17
-,-,9.98,9.18
-,-,10.00,9.20
-,-,10.01,9.21
-,-,10.03,9.23
-,-,10.05,9.24
-,-,10.06,9.25
-,-,10.08,9.27
-,-,10.09,9.28
-,-,10.11,9.30
-,-,10.13,9.31
-,-,10.14,9.33
-,-,10.16,9.34
-,-,10.17,9.36
L,23,10.19,9.38
-,-,10.20,9.39
-,-,10.21,9.41
-,-,10.22,9.43
-,-,10.23,9.45
-,-,10.23,9.46
-,-,10.24,9.48
-,-,10.24,9.50
-,-,10.25,9.51
-,-,10.25,9.53
-,-,10.25,9.55
-,-,10.26,9.56
-,-,10.27,9.58
-,-,10.28,9.59
-,-,10.29,9.61
-,-,10.30,9.63
-,-,10.31,9.64
-,-,10.32,9.66
-,-,10.34,9.67
-,-,10.35,9.69
-,-,10.36,9.70
-,-,10.37,9.72
-,-,10.38,9.73
-,-,10.39,9.75
-,-,10.40,9.77
-,-,10.40,9.78
-,-,10.40,9.80
-,-,10.41,9.82
-,-,10.41,9.83
-,-,10.41,9.85
-,-,10.42,9.86
-,-,10.43,9.88
-,-,10.44,9.90
-,-,10.45,9.91
-,-,10.46,9.92
-,-,10.47,9.94
-,-,10.49,9.95
-,-,10.50,9.96
-,-,10.51,9.98
-,-,10.53,9.99
-,-,10.54,10.00
-,-,10.55,10.02
-,-,10.56,10.03
-,-,10.57,10.05
-,-,10.58,10.06
-,-,10.58,10.08
-,-,10.58,10.10
-,-,10.59,10.11
-,-,10.59,10.13
-,-,10.59,10.15
-,-,10.60,10.16
-,-,10.60,10.18
-,-,10.61,10.19
-,-,10.61,10.21
-,-,10.62,10.22
-,-,10.64,10.24
-,-,10.65,10.25
-,-,10.66,10.26
-,-,10.68,10.28
-,-,10.69,10.29
-,-,10.70,10.30
-,-,10.72,10.32
-,-,10.73,10.33
-,-,10.74,10.35
-,-,10.74,10.36
-,-,10.75,10.38
-,-,10.75,10.39
-,-,10.76,10.41
-,-,10.76,10.43
-,-,10.77,10.44
-,-,10.77,10.46
-,-,10.78,10.47
-,-,10.78,10.49
-,-,10.79,10.50
-,-,10.80,10.52
-,-,10.82,10.54
-,-,10.83,10.55
-,-,10.84,10.57
-,-,10.86,10.58
-,-,10.87,10.60
-,-,10.88,10.61
-,-,10.90,10.63
-,-,10.91,10.64
-,-,10.91,10.66
-,-,10.92,10.67
-,-,10.93,10.69
-,-,10.93,10.71
-,-,10.93,10.72
-,-,10.94,10.74
-,-,10.94,10.76
-,-,10.94,10.77
-,-,10.95,10.79
-,-,10.95,10.80
-,-,10.96,10.82
-,-,10.97,10.84
-,-,10.98,10.85
-,-,10.99,10.87
-,-,11.00,10.88
L,24,11.01,10.90
-,-,11.02,10.92
-,-,11.03,10.93
-,-,11.04,10.95
-,-,11.05,10.96
-,-,11.06,10.98
-,-,11.07,11.00
-,-,11.09,11.01
-,-,11.10,11.03
-,-,11.11,11.04
-,-,11.13,11.06
-,-,11.14,11.08
-,-,11.16,11.09
-,-,11.17,11.11
-,-,11.19,11.12
-,-,11.20,11.14
-,-,11.22,11.16
-,-,11.24,11.17
-,-,11.25,11.19
-,-,11.27,11.20
-,-,11.29,11.22
-,-,11.30,11.24
-,-,11.32,11.25
-,-,11.34,11.27
L,25,11.35,11.29
R,8,11.37,11.30
-,-,11.38,11.32
-,-,11.40,11.34
-,-,11.41,11.35
-,-,11.43,11.37
-,-,11.44,11.39
-,-,11.46,11.40
-,-,11.48,11.42
-,-,11.49,11.44
-,-,11.51,11.45
-,-,11.53,11.47
-,-,11.54,11.48
-,-,11.56,11.50
-,-,11.58,11.51
-,-,11.59,11.53
-,-,11.61,11.54
-,-,11.63,11.56
-,-,11.65,11.57
-,-,11.66,11.59
-,-,11.68,11.60
L,26,11.70,11.62
R,9,11.71,11.64
-,-,11.73,11.65
-,-,11.74,11.67
-,-,11.76,11.68
-,-,11.77,11.70
-,-,11.79,11.72
-,-,11.80,11.73
-,-,11.82,11.75
-,-,11.83,11.77
-,-,11.84,11.78
-,-,11.86,11.80
-,-,11.87,11.81
-,-,11.89,11.83
-,-,11.90,11.84
-,-,11.92,11.86
-,-,11.94,11.87
-,-,11.95,11.89
-,-,11.97,11.90
-,-,11.99,11.92
-,-,12.00,11.93
-,-,12.02,11.94
-,-,12.04,11.95
-,-,12.06,11.96
-,-,12.07,11.97
-,-,12.09,11.99
-,-,12.10,12.00
L,27,12.11,12.01
-,-,12.12,12.03
R,10,12.12,12.04
-,-,12.13,12.06
-,-,12.13,12.08
-,-,12.14,12.09
-,-,12.15,12.11
-,-,12.16,12.12
-,-,12.17,12.14
-,-,12.18,12.15
-,-,12.20,12.16
-,-,12.21,12.17
-,-,12.23,12.18
-,-,12.24,12.19
-,-,12.26,12.20
-,-,12.27,12.20
-,-,12.29,12.21
-,-,12.30,12.22
-,-,12.32,12.23
-,-,12.34,12.24
-,-,12.35,12.26
-,-,12.36,12.27
-,-,12.37,12.28
-,-,12.38,12.30
-,-,12.39,12.31
-,-,12.40,12.33
-,-,12.41,12.34
-,-,12.42,12.36
L,28,12.43,12.37
-,-,12.44,12.39
-,-,12.44,12.40
-,-,12.45,12.42
-,-,12.46,12.44
-,-,12.47,12.45
-,-,12.48,12.47
-,-,12.49,12.48
-,-,12.50,12.50
-,-,12.50,12.52
-,-,12.51,12.53
-,-,12.51,12.55
-,-,12.52,12.56
-,-,12.52,12.58
-,-,12.52,12.60
-,-,12.52,12.61
-,-,12.53,12.63
-,-,12.53,12.65
-,-,12.54,12.66
-,-,12.54,12.68
-,-,12.55,12.69
-,-,12.56,12.71
-,-,12.57,12.72
L,29,12.58,12.74
-,-,12.60,12.75
-,-,12.61,12.76
-,-,12.63,12.78
-,-,12.64,12.79
-,-,12.66,12.80
-,-,12.67,12.82
-,-,12.69,12.83
-,-,12.70,12.84
-,-,12.72,12.86
-,-,12.73,12.87
-,-,12.74,12.89
-,-,12.76,12.90
-,-,12.77,12.92
-,-,12.78,12.94
-,-,12.80,12.95
L,30,12.81,12.97
-,-,12.82,12.98
-,-,12.84,12.99
-,-,12.86,13.00
-,-,12.87,13.01
-,-,12.89,13.02
-,-,12.91,13.03
-,-,12.92,13.03
-,-,12.94,13.04
-,-,12.96,13.04
-,-,12.98,13.04
-,-,12.99,13.04
-,-,13.01,13.05
-,-,13.03,13.05
-,-,13.04,13.05
-,-,13.06,13.05
-,-,13.08,13.06
-,-,13.10,13.06
-,-,13.11,13.07
-,-,13.13,13.08
-,-,13.14,13.09
-,-,13.16,13.10
-,-,13.18,13.11
-,-,13.19,13.13
-,-,13.21,13.14
-,-,13.22,13.15
-,-,13.24,13.16
-,-,13.26,13.17
-,-,13.27,13.18
-,-,13.29,13.18
-,-,13.31,13.19
-,-,13.33,13.19
-,-,13.34,13.20
-,-,13.36,13.20
-,-,13.38,13.20
-,-,13.40,13.20
-,-,13.41,13.21
-,-,13.43,13.21
-,-,13.45,13.21
-,-,13.47,13.21
-,-,13.48,13.22
-,-,13.50,13.22
-,-,13.52,13.23
-,-,13.53,13.24
-,-,13.55,13.25
-,-,13.57,13.27
-,-,13.58,13.28
L,31,13.60,13.29
-,-,13.62,13.31
-,-,13.63,13.32
-,-,13.65,13.34
-,-,13.67,13.35
-,-,13.68,13.36
-,-,13.70,13.38
-,-,13.72,13.39
-,-,13.74,13.40
-,-,13.75,13.42
-,-,13.77,13.43
-,-,13.79,13.45
-,-,13.81,13.46
-,-,13.82,13.47
-,-,13.84,13.49
-,-,13.86,13.51
-,-,13.87,13.52
-,-,13.89,13.54
-,-,13.90,13.55
-,-,13.91,13.57
-,-,13.93,13.59
-,-,13.94,13.60
-,-,13.95,13.62
-,-,13.97,13.64
-,-,13.98,13.65
-,-,14.00,13.67
-,-,14.01,13.69
-,-,14.03,13.70
-,-,14.04,13.72
-,-,14.06,13.73
-,-,14.08,13.75
-,-,14.09,13.76
-,-,14.11,13.77
-,-,14.13,13.79
-,-,14.15,13.80
-,-,14.16,13.81
-,-,14.18,13.83
L,32,14.20,13.84
-,-,14.22,13.86
-,-,14.23,13.87
-,-,14.25,13.88
-,-,14.27,13.89
-,-,14.29,13.89
-,-,14.31,13.90
-,-,14.32,13.90
-,-,14.34,13.91
-,-,14.36,13.91
-,-,14.38,13.91
-,-,14.40,13.92
-,-,14.42,13.92
-,-,14.43,13.92
-,-,14.45,13.92
-,-,14.47,13.92
-,-,14.49,13.93
-,-,14.50,13.93
-,-,14.52,13.94
-,-,14.54,13.94
-,-,14.55,13.95
L,33,14.56,13.97
-,-,14.57,13.98
-,-,14.58,13.99
-,-,14.59,14.01
-,-,14.60,14.02
-,-,14.61,14.03
-,-,14.62,14.05
-,-,14.63,14.06
-,-,14.64,14.08
-,-,14.66,14.09
-,-,14.67,14.10
-,-,14.69,14.12
-,-,14.70,14.13
-,-,14.72,14.14
-,-,14.73,14.15
-,-,14.75,14.16
-,-,14.77,14.17
-,-,14.78,14.18
-,-,14.80,14.19
-,-,14.82,14.20
-,-,14.83,14.21
-,-,14.85,14.23
-,-,14.86,14.24
-,-,14.87,14.25
-,-,14.88,14.27
-,-,14.89,14.29
-,-,14.90,14.30
-,-,14.91,14.32
-,-,14.92,14.33
-,-,14.93,14.35
-,-,14.95,14.36
-,-,14.96,14.38
-,-,14.97,14.39
-,-,14.99,14.41
-,-,15.00,14.42
-,-,15.02,14.43
-,-,15.03,14.45
-,-,15.05,14.46
-,-,15.07,14.47
-,-,15.08,14.48
-,-,15.10,14.49
-,-,15.12,14.50
-,-,15.13,14.52
-,-,15.15,14.53
-,-,15.16,14.54
-,-,15.18,14.56
-,-,15.19,14.57
-,-,15.20,14.59
-,-,15.22,14.61
-,-,15.23,14.62
-,-,15.24,14.64
-,-,15.25,14.65
-,-,15.26,14.66
C,1,15.28,14.68
-,-,15.29,14.69
-,-,15.30,14.71
-,-,15.31,14.72
-,-,15.32,14.74
-,-,15.34,14.76
-,-,15.35,14.77
-,-,15.37,14.79
-,-,15.39,14.80
-,-,15.40,14.81
-,-,15.42,14.82
-,-,15.44,14.84
-,-,15.45,14.85
-,-,15.47,14.86
-,-,15.49,14.87
-,-,15.51,14.89
-,-,15.52,14.90
-,-,15.54,14.92
-,-,15.55,14.93
-,-,15.57,14.95
-,-,15.58,14.96
-,-,15.59,14.98
-,-,15.61,15.00
-,-,15.62,15.01
-,-,15.63,15.03
-,-,15.65,15.04
-,-,15.66,15.06
C,2,15.67,15.08
-,-,15.69,15.09
-,-,15.70,15.11
-,-,15.72,15.13
-,-,15.73,15.14
-,-,15.75,15.16
-,-,15.76,15.17
-,-,15.78,15.18
-,-,15.80,15.20
-,-,15.81,15.21
-,-,15.83,15.22
-,-,15.85,15.24
-,-,15.87,15.25
-,-,15.88,15.26
-,-,15.90,15.28
-,-,15.92,15.29
-,-,15.93,15.31
-,-,15.95,15.32
-,-,15.96,15.34
-,-,15.97,15.35
-,-,15.99,15.37
-,-,16.00,15.38
-,-,16.01,15.40
L,34,16.03,15.42
R,11,16.04,15.43
-,-,16.05,15.45
-,-,16.06,15.46
-,-,16.07,15.48
-,-,16.09,15.50
-,-,16.10,15.51
-,-,16.12,15.53
-,-,16.13,15.54
-,-,16.15,15.55
-,-,16.16,15.57
-,-,16.18,15.58
-,-,16.20,15.59
-,-,16.22,15.60
-,-,16.23,15.62
-,-,16.25,15.63
-,-,16.27,15.64
-,-,16.28,15.66
-,-,16.30,15.67
-,-,16.31,15.69
-,-,16.33,15.70
-,-,16.34,15.72
-,-,16.35,15.73
-,-,16.36,15.75
-,-,16.37,15.76
-,-,16.39,15.78
-,-,16.40,15.80
-,-,16.41,15.81
-,-,16.42,15.83
-,-,16.44,15.85
-,-,16.45,15.86
-,-,16.47,15.87
-,-,16.48,15.89
-,-,16.50,15.90
-,-,16.52,15.91
-,-,16.53,15.92
-,-,16.55,15.94
-,-,16.57,15.95
-,-,16.59,15.96
-,-,16.60,15.98
-,-,16.62,15.99
-,-,16.64,16.00
-,-,16.65,16.02
-,-,16.66,16.04
-,-,16.68,16.05
-,-,16.69,16.07
-,-,16.70,16.08
-,-,16.72,16.10
-,-,16.73,16.12
-,-,16.74,16.13
-,-,16.75,16.15
-,-,16.77,16.17
-,-,16.78,16.18
-,-,16.80,16.20
-,-,16.81,16.21
-,-,16.83,16.23
-,-,16.85,16.24
-,-,16.86,16.26
-,-,16.88,16.27
-,-,16.90,16.28
-,-,16.91,16.30
C,3,16.93,16.31
-,-,16.95,16.32
-,-,16.97,16.33
-,-,16.98,16.35
-,-,17.00,16.36
-,-,17.01,16.38
-,-,17.03,16.39
-,-,17.04,16.41
-,-,17.06,16.42
-,-,17.07,16.44
-,-,17.08,16.46
-,-,17.09,16.47
-,-,17.11,16.49
-,-,17.12,16.51
-,-,17.13,16.52
-,-,17.14,16.54
-,-,17.16,16.56
-,-,17.17,16.57
-,-,17.19,16.59
-,-,17.21,16.60
-,-,17.22,16.61
-,-,17.24,16.63
-,-,17.26,16.64
-,-,17.27,16.65
-,-,17.29,16.66
-,-,17.31,16.68
L,35,17.33,16.69
-,-,17.34,16.71
-,-,17.35,16.72
-,-,17.36,16.74
-,-,17.37,16.75
-,-,17.38,16.77
-,-,17.38,16.79
-,-,17.38,16.80
-,-,17.39,16.82
-,-,17.39,16.84
-,-,17.39,16.85
-,-,17.39,16.87
-,-,17.39,16.89
-,-,17.39,16.90
-,-,17.39,16.92
-,-,17.39,16.94
-,-,17.39,16.96
-,-,17.39,16.97
-,-,17.39,16.99
-,-,17.40,17.01
-,-,17.40,17.02
-,-,17.41,17.04
-,-,17.42,17.05
-,-,17.43,17.07
-,-,17.44,17.08
L,36,17.46,17.09
-,-,17.47,17.10
-,-,17.48,17.11
-,-,17.50,17.12
-,-,17.52,17.14
-,-,17.53,17.15
-,-,17.55,17.16
-,-,17.56,17.17
-,-,17.58,17.19
-,-,17.59,17.20
-,-,17.60,17.21
-,-,17.61,17.23
-,-,17.62,17.24
-,-,17.63,17.26
-,-,17.63,17.28
-,-,17.64,17.29
-,-,17.64,17.31
-,-,17.65,17.32
-,-,17.66,17.34
-,-,17.67,17.36
L,37,17.67,17.37
-,-,17.68,17.39
-,-,17.69,17.41
-,-,17.70,17.42
-,-,17.70,17.44
-,-,17.71,17.45
-,-,17.71,17.47
-,-,17.71,17.49
-,-,17.72,17.50
-,-,17.72,17.52
-,-,17.72,17.54
-,-,17.72,17.55
-,-,17.73,17.57
-,-,17.73,17.59
-,-,17.74,17.60
-,-,17.74,17.62
-,-,17.75,17.63
L,38,17.77,17.65
-,-,17.78,17.66
-,-,17.79,17.68
-,-,17.81,17.69
-,-,17.82,17.70
-,-,17.84,17.72
-,-,17.85,17.73
-,-,17.87,17.74
-,-,17.88,17.76
-,-,17.90,17.77
-,-,17.91,17.78
-,-,17.92,17.80
-,-,17.94,17.82
-,-,17.95,17.83
-,-,17.96,17.85
-,-,17.97,17.86
-,-,17.99,17.88
-,-,18.00,17.90
-,-,18.01,17.91
-,-,18.02,17.93
L,39,18.03,17.94
-,-,18.04,17.96
-,-,18.05,17.98
-,-,18.05,17.99
-,-,18.06,18.01
-,-,18.06,18.03
-,-,18.06,18.05
-,-,18.07,18.06
-,-,18.07,18.08
-,-,18.07,18.10
-,-,18.07,18.11
-,-,18.07,18.13
-,-,18.08,18.15
-,-,18.08,18.16
-,-,18.09,18.18
-,-,18.10,18.20
-,-,18.11,18.21
-,-,18.12,18.23
-,-,18.13,18.25
L,40,18.14,18.26
-,-,18.16,18.28
-,-,18.17,18.29
-,-,18.19,18.31
-,-,18.21,18.32
-,-,18.22,18.34
-,-,18.23,18.36
-,-,18.25,18.37
-,-,18.26,18.39
-,-,18.27,18.41
-,-,18.29,18.42
-,-,18.30,18.44
-,-,18.31,18.46
-,-,18.33,18.47
-,-,18.34,18.49
-,-,18.35,18.50
-,-,18.37,18.52
-,-,18.39,18.54
-,-,18.40,18.55
-,-,18.42,18.57
-,-,18.43,18.58
-,-,18.45,18.60
C,4,18.47,18.61
-,-,18.49,18.63
-,-,18.50,18.64
-,-,18.52,18.66
-,-,18.54,18.67
-,-,18.56,18.69
-,-,18.57,18.70
-,-,18.59,18.72
-,-,18.61,18.73
-,-,18.62,18.75
-,-,18.64,18.77
-,-,18.65,18.78
-,-,18.67,18.80
-,-,18.68,18.82
-,-,18.69,18.83
-,-,18.71,18.85
-,-,18.72,18.87
-,-,18.74,18.89
-,-,18.75,18.90
-,-,18.77,18.92
-,-,18.78,18.93
-,-,18.80,18.95
-,-,18.82,18.97
L,41,18.83,18.98
-,-,18.85,19.00
-,-,18.86,19.02
-,-,18.86,19.03
-,-,18.87,19.05
-,-,18.88,19.07
-,-,18.88,19.09
-,-,18.88,19.10
-,-,18.89,19.12
-,-,18.89,19.14
-,-,18.89,19.16
-,-,18.89,19.17
-,-,18.89,19.19
-,-,18.89,19.21
-,-,18.89,19.23
-,-,18.89,19.24
-,-,18.89,19.26
-,-,18.89,19.28
-,-,18.89,19.29
-,-,18.89,19.31
-,-,18.90,19.33
-,-,18.90,19.34
-,-,18.91,19.36
-,-,18.92,19.37
-,-,18.93,19.38
L,42,18.95,19.39
-,-,18.96,19.40
-,-,18.97,19.40
-,-,18.99,19.41
-,-,19.00,19.41
-,-,19.02,19.42
-,-,19.03,19.42
-,-,19.05,19.43
-,-,19.06,19.44
-,-,19.08,19.45
-,-,19.09,19.46
-,-,19.10,19.47
-,-,19.11,19.49
-,-,19.11,19.50
-,-,19.12,19.51
-,-,19.13,19.53
-,-,19.13,19.54
-,-,19.14,19.56
-,-,19.15,19.58
-,-,19.16,19.59
-,-,19.17,19.60
-,-,19.18,19.62
-,-,19.20,19.63
-,-,19.21,19.64
L,43,19.23,19.64
-,-,19.24,19.65
-,-,19.26,19.65
-,-,19.28,19.66
-,-,19.29,19.66
-,-,19.31,19.66
-,-,19.33,19.66
-,-,19.34,19.67
-,-,19.36,19.67
-,-,19.38,19.67
-,-,19.40,19.67
-,-,19.41,19.67
-,-,19.43,19.67
-,-,19.45,19.67
-,-,19.47,19.67
-,-,19.48,19.68
-,-,19.50,19.69
-,-,19.52,19.69
-,-,19.53,19.70
-,-,19.54,19.71
L,44,19.56,19.73
-,-,19.57,19.74
-,-,19.58,19.75
-,-,19.59,19.77
-,-,19.60,19.78
-,-,19.61,19.79
-,-,19.62,19.81
-,-,19.63,19.82
-,-,19.65,19.84
-,-,19.66,19.85
-,-,19.68,19.86
-,-,19.69,19.88
-,-,19.71,19.89
-,-,19.72,19.90
-,-,19.74,19.91
-,-,19.76,19.92
-,-,19.78,19.93
-,-,19.79,19.95
-,-,19.81,19.96
-,-,19.83,19.97
-,-,19.84,19.99
-,-,19.85,20.00
-,-,19.87,20.02
-,-,19.88,20.03
-,-,19.89,20.05
-,-,19.90,20.06
-,-,19.91,20.08
-,-,19.92,20.10
-,-,19.93,20.11
-,-,19.95,20.13
-,-,19.96,20.14
-,-,19.98,20.16
-,-,19.99,20.17
-,-,20.00,20.18
-,-,20.02,20.20
-,-,20.04,20.21
-,-,20.05,20.22
-,-,20.07,20.23
-,-,20.09,20.25
-,-,20.11,20.26
L,45,20.12,20.27
-,-,20.14,20.28
-,-,20.16,20.29
-,-,20.18,20.30
-,-,20.19,20.31
-,-,20.21,20.32
-,-,20.23,20.33
-,-,20.25,20.33
-,-,20.27,20.33
-,-,20.29,20.34
-,-,20.30,20.34
-,-,20.32,20.34
-,-,20.34,20.34
-,-,20.36,20.34
-,-,20.38,20.35
-,-,20.40,20.35
-,-,20.41,20.35
-,-,20.43,20.36
-,-,20.45,20.37
-,-,20.46,20.38
-,-,20.48,20.39
-,-,20.49,20.40
L,46,20.49,20.41
-,-,20.50,20.42
-,-,20.51,20.44
-,-,20.52,20.45
-,-,20.52,20.47
-,-,20.54,20.48
-,-,20.55,20.50
-,-,20.56,20.51
-,-,20.57,20.52
-,-,20.59,20.54
-,-,20.60,20.55
-,-,20.62,20.56
-,-,20.63,20.56
-,-,20.65,20.57
-,-,20.67,20.58
-,-,20.68,20.59
-,-,20.70,20.60
-,-,20.72,20.61
-,-,20.73,20.62
-,-,20.74,20.64
-,-,20.76,20.65
-,-,20.76,20.67
-,-,20.77,20.68
R,12,20.78,20.70
-,-,20.79,20.71
-,-,20.80,20.73
-,-,20.81,20.74
-,-,20.82,20.76
-,-,20.83,20.77
-,-,20.85,20.79
-,-,20.86,20.80
-,-,20.88,20.81
-,-,20.89,20.83
-,-,20.91,20.84
-,-,20.92,20.85
-,-,20.94,20.86
-,-,20.96,20.87
-,-,20.98,20.88
-,-,20.99,20.90
-,-,21.01,20.91
-,-,21.02,20.92
-,-,21.04,20.94
-,-,21.05,20.95
-,-,21.06,20.97
-,-,21.07,20.98
-,-,21.08,21.00
-,-,21.10,21.02
-,-,21.11,21.03
-,-,21.12,21.05
-,-,21.13,21.07
-,-,21.14,21.08
-,-,21.16,21.10
-,-,21.17,21.11
-,-,21.19,21.12
-,-,21.20,21.14
-,-,21.22,21.15
-,-,21.24,21.16
-,-,21.25,21.17
-,-,21.27,21.18
-,-,21.29,21.19
-,-,21.31,21.21
-,-,21.32,21.22
-,-,21.34,21.23
-,-,21.35,21.25
-,-,21.37,21.26
-,-,21.38,21.28
-,-,21.39,21.30
-,-,21.40,21.31
-,-,21.41,21.33
-,-,21.42,21.34
Robot Paused
speed: 50.00	 kp: 0.03	 kd: 0.00	 
Time Lap: 	19.82s	Track Length: 	 21.39m	Medium Speed: 	 1.08m/s
